0.0003,98.60
0.0006,98.60
0.0008,98.60
0.0011,98.71
0.0017,98.60
0.0019,98.60
0.0022,98.60
0.0028,98.60
0.0031,98.71
0.0033,98.60
0.0036,98.71
0.0042,98.60
0.0044,98.71
0.0047,98.71
0.0053,98.60
0.0056,98.71
0.0058,98.71
0.0061,98.60
0.0067,98.71
0.0069,98.60
0.0072,98.60
0.0078,98.71
0.0081,98.60
0.0083,98.71
0.0086,98.71
0.0092,98.60
0.0094,98.71
0.0097,98.71
0.0103,98.71
0.0106,98.71
0.0108,98.71
0.0111,98.71
0.0117,98.71
0.0119,98.71
0.0122,98.71
0.0128,98.71
0.0131,98.71
0.0133,98.71
0.0136,98.71
0.0142,98.71
0.0144,98.71
0.0147,98.71
0.0153,98.71
0.0156,98.71
0.0158,98.71
0.0161,98.71
0.0167,98.71
0.0169,98.71
0.0172,98.71
0.0175,98.71
0.0181,98.71
0.0183,98.71
0.0186,98.71
0.0192,98.71
0.0194,98.71
0.0197,98.71
0.0200,98.71
0.0206,98.71
0.0208,98.71
0.0211,98.71
0.0217,98.71
0.0219,98.71
0.0222,98.71
0.0225,98.82
0.0231,98.71
0.0233,98.82
0.0236,98.82
0.0242,98.82
0.0244,98.82
0.0247,98.82
0.0250,98.82
0.0256,98.82
0.0258,98.82
0.0261,98.82
0.0267,98.82
0.0269,98.82
0.0272,98.82
0.0275,98.82
0.0281,98.82
0.0283,98.82
0.0286,98.82
0.0292,98.82
0.0294,98.94
0.0297,98.82
0.0300,98.94
0.0306,98.94
0.0308,98.94
0.0311,98.94
0.0317,98.94
0.0319,98.94
0.0322,98.94
0.0325,98.94
0.0331,98.94
0.0333,98.94
0.0336,98.94
0.0342,98.94
0.0344,99.05
0.0347,99.05
0.0350,99.05
0.0356,98.94
0.0358,99.05
0.0361,99.05
0.0367,99.05
0.0369,99.05
0.0372,99.05
0.0375,99.05
0.0381,99.16
0.0383,99.05
0.0386,99.16
0.0392,99.05
0.0394,99.16
0.0397,99.05
0.0400,99.16
0.0406,99.16
0.0408,99.16
0.0411,99.16
0.0417,99.16
0.0419,99.16
0.0422,99.16
0.0425,99.16
0.0431,99.27
0.0433,99.16
0.0436,99.27
0.0442,99.27
0.0444,99.27
0.0447,99.27
0.0450,99.27
0.0456,99.27
0.0458,99.27
0.0461,99.39
0.0467,99.39
0.0469,99.27
0.0472,99.39
0.0475,99.39
0.0481,99.39
0.0483,99.39
0.0486,99.39
0.0492,99.39
0.0494,99.39
0.0497,99.39
0.0500,99.50
0.0506,99.50
0.0508,99.50
0.0511,99.50
0.0517,99.50
0.0519,99.50
0.0522,99.50
0.0525,99.50
0.0531,99.61
0.0533,99.61
0.0536,99.61
0.0542,99.61
0.0544,99.61
0.0547,99.61
0.0550,99.61
0.0556,99.61
0.0558,99.61
0.0561,99.72
0.0567,99.72
0.0569,99.72
0.0572,99.72
0.0575,99.72
0.0581,99.72
0.0583,99.84
0.0586,99.72
0.0592,99.84
0.0594,99.84
0.0597,99.84
0.0600,99.84
0.0606,99.84
0.0608,99.84
0.0611,99.95
0.0617,99.84
0.0619,99.95
0.0622,99.95
0.0625,99.95
0.0631,99.95
0.0633,99.95
0.0636,99.95
0.0642,100.06
0.0644,99.95
0.0647,100.06
0.0650,99.95
0.0656,99.95
0.0658,100.06
0.0661,100.06
0.0667,100.06
0.0669,100.06
0.0672,100.17
0.0675,100.17
0.0681,100.17
0.0683,100.17
0.0686,100.17
0.0692,100.17
0.0694,100.17
0.0697,100.17
0.0700,100.17
0.0706,100.17
0.0708,100.29
0.0711,100.29
0.0717,100.29
0.0719,100.29
0.0722,100.29
0.0725,100.29
0.0731,100.40
0.0733,100.40
0.0736,100.40
0.0742,100.40
0.0744,100.40
0.0747,100.40
0.0750,100.40
0.0756,100.51
0.0758,100.40
0.0761,100.51
0.0767,100.51
0.0769,100.51
0.0772,100.51
0.0775,100.51
0.0781,100.51
0.0783,100.62
0.0786,100.51
0.0792,100.62
0.0794,100.62
0.0797,100.62
0.0800,100.74
0.0806,100.74
0.0808,100.62
0.0811,100.62
0.0817,100.74
0.0819,100.74
0.0822,100.74
0.0825,100.74
0.0831,100.74
0.0833,100.74
0.0836,100.74
0.0842,100.85
0.0844,100.85
0.0847,100.85
0.0850,100.85
0.0856,100.85
0.0858,100.85
0.0861,100.96
0.0867,100.96
0.0869,100.85
0.0872,100.96
0.0875,100.96
0.0881,100.96
0.0883,101.07
0.0886,100.96
0.0892,101.07
0.0894,101.07
0.0897,101.07
0.0900,101.07
0.0906,101.07
0.0908,101.19
0.0911,101.07
0.0917,101.19
0.0919,101.19
0.0922,101.19
0.0925,101.19
0.0931,101.19
0.0933,101.19
0.0936,101.19
0.0939,101.30
0.0944,101.30
0.0947,101.30
0.0950,101.30
0.0956,101.30
0.0958,101.30
0.0961,101.41
0.0964,101.30
0.0969,101.41
0.0972,101.41
0.0975,101.41
0.0981,101.41
0.0983,101.41
0.0986,101.41
0.0989,101.41
0.0994,101.52
0.0997,101.52
0.1000,101.52
0.1006,101.52
0.1008,101.52
0.1011,101.52
0.1014,101.64
0.1019,101.52
0.1022,101.64
0.1025,101.64
0.1031,101.64
0.1033,101.64
0.1036,101.64
0.1039,101.64
0.1044,101.75
0.1047,101.64
0.1050,101.75
0.1056,101.75
0.1058,101.75
0.1061,101.75
0.1064,101.75
0.1069,101.86
0.1072,101.75
0.1075,101.86
0.1081,101.86
0.1083,101.86
0.1086,101.97
0.1089,101.97
0.1094,101.97
0.1097,101.97
0.1100,101.97
0.1106,101.97
0.1108,101.97
0.1111,101.97
0.1114,101.97
0.1119,101.97
0.1122,102.09
0.1125,102.09
0.1131,102.09
0.1133,102.09
0.1136,102.09
0.1139,102.20
0.1144,102.20
0.1147,102.20
0.1150,102.20
0.1156,102.20
0.1158,102.20
0.1161,102.20
0.1164,102.20
0.1169,102.31
0.1172,102.20
0.1175,102.31
0.1181,102.31
0.1183,102.31
0.1186,102.31
0.1189,102.42
0.1194,102.31
0.1197,102.42
0.1200,102.42
0.1206,102.42
0.1208,102.42
0.1211,102.42
0.1214,102.42
0.1219,102.54
0.1222,102.42
0.1225,102.42
0.1231,102.54
0.1233,102.54
0.1236,102.54
0.1239,102.54
0.1244,102.54
0.1247,102.65
0.1250,102.65
0.1256,102.65
0.1258,102.65
0.1261,102.65
0.1264,102.76
0.1269,102.76
0.1272,102.76
0.1275,102.76
0.1281,102.76
0.1283,102.76
0.1286,102.76
0.1289,102.76
0.1294,102.87
0.1297,102.87
0.1300,102.87
0.1306,102.87
0.1308,102.87
0.1311,102.99
0.1314,102.99
0.1319,102.99
0.1322,102.99
0.1325,102.99
0.1331,102.99
0.1333,102.99
0.1336,102.99
0.1339,102.99
0.1344,103.10
0.1347,103.10
0.1350,103.10
0.1356,103.10
0.1358,103.10
0.1361,103.10
0.1364,103.10
0.1369,103.21
0.1372,103.21
0.1375,103.21
0.1381,103.21
0.1383,103.21
0.1386,103.21
0.1389,103.21
0.1394,103.32
0.1397,103.32
0.1400,103.32
0.1406,103.32
0.1408,103.32
0.1411,103.32
0.1414,103.32
0.1419,103.32
0.1422,103.44
0.1425,103.44
0.1431,103.44
0.1433,103.44
0.1436,103.44
0.1439,103.44
0.1444,103.44
0.1447,103.55
0.1450,103.55
0.1456,103.55
0.1458,103.55
0.1461,103.55
0.1464,103.55
0.1469,103.55
0.1472,103.55
0.1475,103.55
0.1481,103.66
0.1483,103.55
0.1486,103.66
0.1489,103.66
0.1494,103.66
0.1497,103.66
0.1500,103.66
0.1506,103.77
0.1508,103.77
0.1511,103.77
0.1514,103.77
0.1519,103.77
0.1522,103.77
0.1525,103.77
0.1531,103.77
0.1533,103.89
0.1536,103.89
0.1539,103.89
0.1544,103.89
0.1547,103.89
0.1550,104.00
0.1556,104.00
0.1558,103.89
0.1561,104.00
0.1564,104.00
0.1569,104.00
0.1572,104.00
0.1575,104.00
0.1581,104.00
0.1583,104.00
0.1586,104.11
0.1589,104.00
0.1594,104.11
0.1597,104.11
0.1600,104.11
0.1606,104.11
0.1608,104.11
0.1611,104.22
0.1614,104.22
0.1619,104.22
0.1622,104.22
0.1625,104.22
0.1631,104.22
0.1633,104.22
0.1636,104.22
0.1639,104.34
0.1644,104.34
0.1647,104.34
0.1650,104.34
0.1656,104.34
0.1658,104.34
0.1661,104.45
0.1664,104.45
0.1669,104.45
0.1672,104.45
0.1675,104.45
0.1681,104.45
0.1683,104.45
0.1686,104.56
0.1689,104.56
0.1694,104.56
0.1697,104.56
0.1700,104.56
0.1706,104.56
0.1708,104.56
0.1711,104.56
0.1714,104.67
0.1719,104.56
0.1722,104.67
0.1725,104.67
0.1728,104.67
0.1733,104.67
0.1736,104.67
0.1739,104.67
0.1744,104.67
0.1747,104.67
0.1750,104.79
0.1753,104.79
0.1758,104.79
0.1761,104.79
0.1764,104.79
0.1769,104.79
0.1772,104.90
0.1775,104.90
0.1778,104.90
0.1783,104.90
0.1786,104.90
0.1789,104.90
0.1794,104.90
0.1797,104.90
0.1800,105.01
0.1803,105.01
0.1808,105.01
0.1811,105.01
0.1814,105.01
0.1819,105.01
0.1822,105.01
0.1825,105.12
0.1828,105.12
0.1833,105.12
0.1836,105.12
0.1839,105.12
0.1844,105.12
0.1847,105.12
0.1850,105.12
0.1853,105.24
0.1858,105.24
0.1861,105.24
0.1864,105.24
0.1869,105.24
0.1872,105.24
0.1875,105.35
0.1878,105.24
0.1883,105.24
0.1886,105.24
0.1889,105.35
0.1894,105.35
0.1897,105.35
0.1900,105.35
0.1903,105.35
0.1908,105.46
0.1911,105.46
0.1914,105.46
0.1919,105.46
0.1922,105.46
0.1925,105.46
0.1928,105.46
0.1933,105.57
0.1936,105.46
0.1939,105.57
0.1944,105.57
0.1947,105.57
0.1950,105.57
0.1953,105.57
0.1958,105.57
0.1961,105.57
0.1964,105.69
0.1969,105.69
0.1972,105.69
0.1975,105.69
0.1978,105.69
0.1983,105.69
0.1986,105.69
0.1989,105.69
0.1994,105.80
0.1997,105.69
0.2000,105.80
0.2003,105.80
0.2008,105.80
0.2011,105.80
0.2014,105.80
0.2019,105.80
0.2022,105.91
0.2025,105.91
0.2028,105.91
0.2033,105.91
0.2036,105.91
0.2039,105.91
0.2044,105.91
0.2047,105.91
0.2050,105.91
0.2053,106.02
0.2058,106.02
0.2061,106.02
0.2064,106.02
0.2069,106.02
0.2072,106.14
0.2075,106.02
0.2078,106.14
0.2083,106.14
0.2086,106.02
0.2089,106.14
0.2094,106.25
0.2097,106.14
0.2100,106.25
0.2103,106.25
0.2108,106.25
0.2111,106.25
0.2114,106.25
0.2119,106.25
0.2122,106.25
0.2125,106.25
0.2128,106.25
0.2133,106.36
0.2136,106.36
0.2139,106.36
0.2144,106.36
0.2147,106.36
0.2150,106.47
0.2153,106.47
0.2158,106.47
0.2161,106.47
0.2164,106.47
0.2169,106.47
0.2172,106.47
0.2175,106.47
0.2178,106.59
0.2183,106.59
0.2186,106.59
0.2189,106.59
0.2194,106.59
0.2197,106.59
0.2200,106.59
0.2203,106.59
0.2208,106.59
0.2211,106.70
0.2214,106.70
0.2219,106.70
0.2222,106.70
0.2225,106.70
0.2228,106.81
0.2233,106.70
0.2236,106.70
0.2239,106.81
0.2244,106.81
0.2247,106.81
0.2250,106.81
0.2253,106.81
0.2258,106.81
0.2261,106.81
0.2264,106.92
0.2269,106.92
0.2272,106.92
0.2275,106.92
0.2278,106.92
0.2283,106.92
0.2286,106.92
0.2289,107.04
0.2294,107.04
0.2297,107.04
0.2300,107.04
0.2303,107.04
0.2308,107.04
0.2311,107.15
0.2314,107.04
0.2319,107.15
0.2322,107.15
0.2325,107.15
0.2328,107.15
0.2333,107.15
0.2336,107.15
0.2339,107.26
0.2344,107.15
0.2347,107.26
0.2350,107.26
0.2353,107.26
0.2358,107.26
0.2361,107.26
0.2364,107.37
0.2369,107.37
0.2372,107.37
0.2375,107.37
0.2378,107.37
0.2383,107.37
0.2386,107.37
0.2389,107.37
0.2394,107.37
0.2397,107.49
0.2400,107.49
0.2403,107.37
0.2408,107.49
0.2411,107.49
0.2414,107.60
0.2419,107.60
0.2422,107.49
0.2425,107.60
0.2428,107.60
0.2433,107.60
0.2436,107.60
0.2439,107.60
0.2444,107.71
0.2447,107.60
0.2450,107.71
0.2453,107.71
0.2458,107.71
0.2461,107.71
0.2464,107.71
0.2469,107.71
0.2472,107.71
0.2475,107.82
0.2478,107.82
0.2483,107.82
0.2486,107.82
0.2489,107.82
0.2494,107.82
0.2497,107.82
0.2500,107.82
0.2503,107.94
0.2508,107.82
0.2511,107.94
0.2514,107.94
0.2519,107.94
0.2522,107.94
0.2525,107.94
0.2528,107.94
0.2533,108.05
0.2536,107.94
0.2539,108.05
0.2542,108.05
0.2547,108.05
0.2550,108.05
0.2553,108.05
0.2558,108.16
0.2561,108.05
0.2564,108.16
0.2567,108.16
0.2572,108.16
0.2575,108.16
0.2578,108.27
0.2583,108.16
0.2586,108.27
0.2589,108.27
0.2592,108.27
0.2597,108.27
0.2600,108.39
0.2603,108.39
0.2608,108.39
0.2611,108.39
0.2614,108.39
0.2617,108.39
0.2622,108.50
0.2625,108.39
0.2628,108.39
0.2633,108.50
0.2636,108.50
0.2639,108.50
0.2642,108.50
0.2647,108.50
0.2650,108.50
0.2653,108.50
0.2658,108.61
0.2661,108.61
0.2664,108.61
0.2667,108.61
0.2672,108.61
0.2675,108.61
0.2678,108.61
0.2683,108.61
0.2686,108.72
0.2689,108.72
0.2692,108.72
0.2697,108.72
0.2700,108.72
0.2703,108.72
0.2708,108.72
0.2711,108.84
0.2714,108.72
0.2717,108.72
0.2722,108.84
0.2725,108.84
0.2728,108.84
0.2733,108.84
0.2736,108.84
0.2739,108.84
0.2742,108.95
0.2747,108.95
0.2750,108.95
0.2753,108.95
0.2758,108.95
0.2761,108.95
0.2764,108.95
0.2767,108.95
0.2772,108.95
0.2775,109.06
0.2778,109.06
0.2783,109.06
0.2786,109.06
0.2789,109.06
0.2792,109.06
0.2797,109.06
0.2800,109.17
0.2803,109.17
0.2808,109.17
0.2811,109.17
0.2814,109.17
0.2817,109.17
0.2822,109.17
0.2825,109.29
0.2828,109.29
0.2833,109.29
0.2836,109.29
0.2839,109.29
0.2842,109.40
0.2847,109.29
0.2850,109.29
0.2853,109.40
0.2858,109.40
0.2861,109.40
0.2864,109.40
0.2867,109.40
0.2872,109.40
0.2875,109.51
0.2878,109.51
0.2883,109.51
0.2886,109.51
0.2889,109.51
0.2892,109.51
0.2897,109.51
0.2900,109.62
0.2903,109.51
0.2908,109.62
0.2911,109.62
0.2914,109.62
0.2917,109.62
0.2922,109.62
0.2925,109.62
0.2928,109.62
0.2933,109.74
0.2936,109.74
0.2939,109.74
0.2942,109.74
0.2947,109.74
0.2950,109.74
0.2953,109.74
0.2958,109.85
0.2961,109.85
0.2964,109.85
0.2967,109.85
0.2972,109.85
0.2975,109.85
0.2978,109.85
0.2983,109.96
0.2986,109.96
0.2989,109.96
0.2992,109.96
0.2997,109.96
0.3000,109.96
0.3003,109.96
0.3008,109.96
0.3011,110.07
0.3014,110.07
0.3017,110.07
0.3022,110.07
0.3025,110.07
0.3028,110.07
0.3033,110.07
0.3036,110.07
0.3039,110.19
0.3042,110.19
0.3047,110.19
0.3050,110.19
0.3053,110.19
0.3058,110.19
0.3061,110.30
0.3064,110.30
0.3067,110.30
0.3072,110.30
0.3075,110.30
0.3078,110.30
0.3083,110.30
0.3086,110.30
0.3089,110.30
0.3092,110.30
0.3097,110.41
0.3100,110.41
0.3103,110.41
0.3108,110.41
0.3111,110.41
0.3114,110.41
0.3117,110.41
0.3122,110.41
0.3125,110.41
0.3128,110.52
0.3133,110.52
0.3136,110.52
0.3139,110.52
0.3142,110.52
0.3147,110.52
0.3150,110.52
0.3153,110.64
0.3158,110.64
0.3161,110.64
0.3164,110.64
0.3167,110.64
0.3172,110.64
0.3175,110.64
0.3178,110.64
0.3183,110.75
0.3186,110.75
0.3189,110.75
0.3192,110.75
0.3197,110.75
0.3200,110.75
0.3203,110.86
0.3208,110.75
0.3211,110.75
0.3214,110.75
0.3217,110.86
0.3222,110.86
0.3225,110.86
0.3228,110.86
0.3233,110.86
0.3236,110.86
0.3239,110.86
0.3242,110.97
0.3247,110.97
0.3250,110.97
0.3253,110.97
0.3258,110.97
0.3261,110.97
0.3264,110.97
0.3267,110.97
0.3272,111.09
0.3275,111.09
0.3278,111.09
0.3283,111.09
0.3286,111.09
0.3289,111.09
0.3292,111.20
0.3297,111.09
0.3300,111.20
0.3303,111.20
0.3308,111.20
0.3311,111.20
0.3314,111.20
0.3317,111.20
0.3322,111.20
0.3325,111.20
0.3328,111.20
0.3331,111.31
0.3336,111.20
0.3339,111.31
0.3342,111.31
0.3347,111.31
0.3350,111.42
0.3353,111.42
0.3356,111.42
0.3361,111.42
0.3364,111.42
0.3367,111.42
0.3372,111.42
0.3375,111.42
0.3378,111.42
0.3381,111.42
0.3386,111.54
0.3389,111.54
0.3392,111.54
0.3397,111.54
0.3400,111.54
0.3403,111.65
0.3406,111.54
0.3411,111.65
0.3414,111.65
0.3417,111.65
0.3422,111.65
0.3425,111.65
0.3428,111.65
0.3431,111.76
0.3436,111.76
0.3439,111.76
0.3442,111.76
0.3447,111.76
0.3450,111.87
0.3453,111.76
0.3456,111.76
0.3461,111.87
0.3464,111.87
0.3467,111.87
0.3472,111.87
0.3475,111.87
0.3478,111.87
0.3481,111.99
0.3486,111.99
0.3489,111.87
0.3492,111.99
0.3497,111.99
0.3500,111.99
0.3503,111.99
0.3506,111.99
0.3511,111.99
0.3514,112.10
0.3517,112.10
0.3522,112.10
0.3525,112.10
0.3528,112.10
0.3531,112.10
0.3536,112.21
0.3539,112.10
0.3542,112.21
0.3547,112.21
0.3550,112.21
0.3553,112.21
0.3556,112.21
0.3561,112.21
0.3564,112.21
0.3567,112.21
0.3572,112.21
0.3575,112.21
0.3578,112.32
0.3581,112.32
0.3586,112.32
0.3589,112.32
0.3592,112.32
0.3597,112.32
0.3600,112.32
0.3603,112.44
0.3606,112.44
0.3611,112.44
0.3614,112.44
0.3617,112.44
0.3622,112.44
0.3625,112.44
0.3628,112.44
0.3631,112.55
0.3636,112.55
0.3639,112.55
0.3642,112.55
0.3647,112.55
0.3650,112.55
0.3653,112.66
0.3656,112.66
0.3661,112.66
0.3664,112.66
0.3667,112.66
0.3672,112.66
0.3675,112.66
0.3678,112.66
0.3681,112.77
0.3686,112.77
0.3689,112.77
0.3692,112.77
0.3697,112.77
0.3700,112.89
0.3703,112.77
0.3706,112.77
0.3711,112.77
0.3714,112.89
0.3717,112.89
0.3722,112.89
0.3725,112.89
0.3728,112.89
0.3731,113.00
0.3736,113.00
0.3739,113.00
0.3742,113.00
0.3747,113.00
0.3750,113.00
0.3753,113.00
0.3756,113.11
0.3761,113.00
0.3764,113.11
0.3767,113.11
0.3772,113.11
0.3775,113.11
0.3778,113.11
0.3781,113.11
0.3786,113.22
0.3789,113.22
0.3792,113.22
0.3797,113.22
0.3800,113.22
0.3803,113.22
0.3806,113.22
0.3811,113.22
0.3814,113.34
0.3817,113.34
0.3822,113.34
0.3825,113.34
0.3828,113.34
0.3831,113.34
0.3836,113.34
0.3839,113.45
0.3842,113.45
0.3847,113.45
0.3850,113.45
0.3853,113.45
0.3856,113.45
0.3861,113.45
0.3864,113.45
0.3867,113.45
0.3872,113.56
0.3875,113.56
0.3878,113.56
0.3881,113.56
0.3886,113.56
0.3889,113.56
0.3892,113.56
0.3897,113.56
0.3900,113.67
0.3903,113.67
0.3906,113.67
0.3911,113.67
0.3914,113.67
0.3917,113.67
0.3922,113.79
0.3925,113.79
0.3928,113.79
0.3931,113.79
0.3936,113.79
0.3939,113.79
0.3942,113.79
0.3947,113.90
0.3950,113.90
0.3953,113.90
0.3956,113.90
0.3961,113.90
0.3964,113.90
0.3967,113.90
0.3972,113.90
0.3975,113.90
0.3978,114.01
0.3981,114.01
0.3986,114.01
0.3989,114.01
0.3992,114.01
0.3997,114.01
0.4000,114.01
0.4003,114.01
0.4006,114.01
0.4011,114.12
0.4014,114.12
0.4017,114.12
0.4022,114.12
0.4025,114.12
0.4028,114.12
0.4031,114.12
0.4036,114.12
0.4039,114.12
0.4042,114.12
0.4047,114.12
0.4050,114.24
0.4053,114.24
0.4056,114.24
0.4061,114.24
0.4064,114.24
0.4067,114.24
0.4072,114.35
0.4075,114.35
0.4078,114.35
0.4081,114.35
0.4086,114.35
0.4089,114.35
0.4092,114.35
0.4097,114.46
0.4100,114.46
0.4103,114.46
0.4106,114.46
0.4111,114.46
0.4114,114.46
0.4117,114.46
0.4122,114.46
0.4125,114.57
0.4128,114.57
0.4131,114.57
0.4136,114.57
0.4139,114.57
0.4142,114.57
0.4144,114.57
0.4150,114.57
0.4153,114.69
0.4156,114.69
0.4161,114.69
0.4164,114.69
0.4167,114.69
0.4169,114.69
0.4175,114.80
0.4178,114.80
0.4181,114.80
0.4186,114.80
0.4189,114.80
0.4192,114.80
0.4194,114.80
0.4200,114.80
0.4203,114.91
0.4206,114.91
0.4211,114.91
0.4214,114.91
0.4217,114.91
0.4219,114.91
0.4225,114.91
0.4228,114.91
0.4231,114.91
0.4236,115.02
0.4239,115.02
0.4242,115.02
0.4244,115.02
0.4250,115.02
0.4253,115.02
0.4256,115.02
0.4261,115.02
0.4264,115.02
0.4267,115.14
0.4269,115.14
0.4275,115.14
0.4278,115.14
0.4281,115.14
0.4286,115.14
0.4289,115.14
0.4292,115.14
0.4294,115.25
0.4300,115.14
0.4303,115.25
0.4306,115.25
0.4311,115.25
0.4314,115.25
0.4317,115.25
0.4319,115.25
0.4325,115.25
0.4328,115.36
0.4331,115.36
0.4336,115.36
0.4339,115.36
0.4342,115.36
0.4344,115.36
0.4350,115.47
0.4353,115.47
0.4356,115.47
0.4361,115.47
0.4364,115.47
0.4367,115.47
0.4369,115.47
0.4375,115.59
0.4378,115.59
0.4381,115.59
0.4386,115.59
0.4389,115.59
0.4392,115.59
0.4394,115.59
0.4400,115.59
0.4403,115.70
0.4406,115.59
0.4411,115.70
0.4414,115.70
0.4417,115.70
0.4419,115.70
0.4425,115.70
0.4428,115.70
0.4431,115.70
0.4436,115.70
0.4439,115.81
0.4442,115.81
0.4444,115.81
0.4450,115.81
0.4453,115.81
0.4456,115.81
0.4461,115.92
0.4464,115.92
0.4467,115.81
0.4469,115.92
0.4475,115.92
0.4478,115.92
0.4481,115.92
0.4486,116.04
0.4489,116.04
0.4492,115.92
0.4494,116.04
0.4500,116.04
0.4503,116.04
0.4506,116.15
0.4511,116.04
0.4514,116.04
0.4517,116.15
0.4519,116.15
0.4525,116.15
0.4528,116.15
0.4531,116.15
0.4536,116.15
0.4539,116.15
0.4542,116.15
0.4544,116.15
0.4550,116.15
0.4553,116.26
0.4556,116.26
0.4561,116.26
0.4564,116.26
0.4567,116.26
0.4569,116.26
0.4575,116.37
0.4578,116.37
0.4581,116.37
0.4586,116.37
0.4589,116.37
0.4592,116.37
0.4594,116.37
0.4600,116.37
0.4603,116.49
0.4606,116.49
0.4611,116.49
0.4614,116.49
0.4617,116.49
0.4619,116.49
0.4625,116.49
0.4628,116.49
0.4631,116.49
0.4636,116.60
0.4639,116.60
0.4642,116.60
0.4644,116.60
0.4650,116.60
0.4653,116.60
0.4656,116.60
0.4661,116.60
0.4664,116.71
0.4667,116.71
0.4669,116.71
0.4675,116.71
0.4678,116.71
0.4681,116.71
0.4686,116.82
0.4689,116.71
0.4692,116.82
0.4694,116.82
0.4700,116.82
0.4703,116.82
0.4706,116.82
0.4711,116.82
0.4714,116.82
0.4717,116.82
0.4719,116.94
0.4725,116.94
0.4728,116.94
0.4731,116.94
0.4736,116.94
0.4739,116.94
0.4742,116.94
0.4744,117.05
0.4750,117.05
0.4753,117.05
0.4756,117.05
0.4761,117.05
0.4764,117.05
0.4767,117.05
0.4769,117.05
0.4775,117.05
0.4778,117.05
0.4781,117.16
0.4786,117.16
0.4789,117.16
0.4792,117.16
0.4794,117.16
0.4800,117.16
0.4803,117.16
0.4806,117.16
0.4811,117.27
0.4814,117.27
0.4817,117.27
0.4819,117.27
0.4825,117.27
0.4828,117.27
0.4831,117.27
0.4836,117.27
0.4839,117.39
0.4842,117.39
0.4844,117.39
0.4850,117.39
0.4853,117.39
0.4856,117.39
0.4861,117.39
0.4864,117.39
0.4867,117.39
0.4869,117.50
0.4875,117.50
0.4878,117.50
0.4881,117.50
0.4886,117.50
0.4889,117.50
0.4892,117.61
0.4894,117.61
0.4900,117.61
0.4903,117.61
0.4906,117.61
0.4911,117.61
0.4914,117.61
0.4917,117.61
0.4919,117.61
0.4925,117.72
0.4928,117.61
0.4931,117.72
0.4933,117.72
0.4939,117.72
0.4942,117.72
0.4944,117.72
0.4950,117.72
0.4953,117.72
0.4956,117.72
0.4958,117.84
0.4964,117.84
0.4967,117.84
0.4969,117.84
0.4975,117.84
0.4978,117.84
0.4981,117.84
0.4983,117.84
0.4989,117.95
0.4992,117.95
0.4994,117.95
0.5000,117.95
0.5003,117.95
0.5006,117.95
0.5008,118.06
0.5014,118.06
0.5017,118.06
0.5019,118.06
0.5025,118.06
0.5028,118.06
0.5031,118.17
0.5033,118.17
0.5039,118.17
0.5042,118.17
0.5044,118.17
0.5050,118.17
0.5053,118.17
0.5056,118.17
0.5058,118.29
0.5064,118.29
0.5067,118.29
0.5069,118.29
0.5075,118.29
0.5078,118.29
0.5081,118.29
0.5083,118.29
0.5089,118.40
0.5092,118.29
0.5094,118.40
0.5100,118.40
0.5103,118.40
0.5106,118.40
0.5108,118.40
0.5114,118.40
0.5117,118.40
0.5119,118.51
0.5125,118.51
0.5128,118.51
0.5131,118.51
0.5133,118.51
0.5139,118.51
0.5142,118.51
0.5144,118.62
0.5150,118.51
0.5153,118.51
0.5156,118.62
0.5158,118.62
0.5164,118.62
0.5167,118.62
0.5169,118.62
0.5175,118.62
0.5178,118.62
0.5181,118.74
0.5183,118.74
0.5189,118.74
0.5192,118.74
0.5194,118.74
0.5200,118.74
0.5203,118.74
0.5206,118.74
0.5208,118.74
0.5214,118.74
0.5217,118.85
0.5219,118.85
0.5225,118.85
0.5228,118.85
0.5231,118.85
0.5233,118.85
0.5239,118.85
0.5242,118.85
0.5244,118.96
0.5250,118.96
0.5253,118.96
0.5256,118.96
0.5258,118.96
0.5264,119.07
0.5267,119.07
0.5269,118.96
0.5275,119.07
0.5278,119.07
0.5281,119.07
0.5283,119.07
0.5289,119.07
0.5292,119.07
0.5294,119.07
0.5300,119.07
0.5303,119.19
0.5306,119.19
0.5308,119.19
0.5314,119.19
0.5317,119.19
0.5319,119.19
0.5325,119.19
0.5328,119.19
0.5331,119.30
0.5333,119.30
0.5339,119.30
0.5342,119.30
0.5344,119.30
0.5350,119.30
0.5353,119.30
0.5356,119.30
0.5358,119.30
0.5364,119.41
0.5367,119.41
0.5369,119.41
0.5375,119.41
0.5378,119.41
0.5381,119.41
0.5383,119.41
0.5389,119.41
0.5392,119.52
0.5394,119.52
0.5400,119.52
0.5403,119.52
0.5406,119.52
0.5408,119.52
0.5414,119.52
0.5417,119.52
0.5419,119.64
0.5425,119.64
0.5428,119.64
0.5431,119.64
0.5433,119.64
0.5439,119.64
0.5442,119.64
0.5444,119.75
0.5450,119.75
0.5453,119.75
0.5456,119.75
0.5458,119.86
0.5464,119.75
0.5467,119.75
0.5469,119.75
0.5475,119.86
0.5478,119.86
0.5481,119.86
0.5483,119.86
0.5489,119.86
0.5492,119.86
0.5494,119.86
0.5500,119.97
0.5503,119.97
0.5506,119.86
0.5508,119.97
0.5514,119.97
0.5517,119.97
0.5519,119.97
0.5525,119.97
0.5528,119.97
0.5531,119.97
0.5533,119.97
0.5539,120.09
0.5542,120.09
0.5544,120.09
0.5550,120.09
0.5553,120.09
0.5556,120.20
0.5558,120.09
0.5564,120.20
0.5567,120.20
0.5569,120.20
0.5575,120.20
0.5578,120.20
0.5581,120.20
0.5583,120.20
0.5589,120.31
0.5592,120.31
0.5594,120.31
0.5600,120.31
0.5603,120.31
0.5606,120.31
0.5608,120.31
0.5614,120.31
0.5617,120.42
0.5619,120.42
0.5625,120.42
0.5628,120.42
0.5631,120.42
0.5633,120.42
0.5639,120.54
0.5642,120.54
0.5644,120.54
0.5650,120.54
0.5653,120.54
0.5656,120.54
0.5658,120.54
0.5664,120.54
0.5667,120.54
0.5669,120.65
0.5675,120.65
0.5678,120.65
0.5681,120.65
0.5683,120.65
0.5689,120.65
0.5692,120.65
0.5694,120.65
0.5700,120.65
0.5703,120.65
0.5706,120.65
0.5708,120.76
0.5714,120.76
0.5717,120.76
0.5719,120.76
0.5725,120.76
0.5728,120.76
0.5731,120.76
0.5733,120.76
0.5739,120.76
0.5742,120.76
0.5744,120.76
0.5747,120.76
0.5753,120.87
0.5756,120.76
0.5758,120.87
0.5764,120.87
0.5767,120.87
0.5769,120.87
0.5772,120.87
0.5778,120.87
0.5781,120.87
0.5783,120.99
0.5789,120.99
0.5792,120.99
0.5794,120.99
0.5797,120.99
0.5803,120.99
0.5806,120.99
0.5808,120.99
0.5814,120.99
0.5817,121.10
0.5819,120.99
0.5822,121.10
0.5828,121.10
0.5831,121.10
0.5833,121.10
0.5839,121.10
0.5842,121.21
0.5844,121.10
0.5847,121.21
0.5853,121.21
0.5856,121.21
0.5858,121.21
0.5864,121.21
0.5867,121.21
0.5869,121.21
0.5872,121.32
0.5878,121.32
0.5881,121.32
0.5883,121.32
0.5889,121.32
0.5892,121.32
0.5894,121.32
0.5897,121.32
0.5903,121.44
0.5906,121.44
0.5908,121.44
0.5914,121.44
0.5917,121.44
0.5919,121.44
0.5922,121.44
0.5928,121.44
0.5931,121.44
0.5933,121.44
0.5939,121.55
0.5942,121.55
0.5944,121.55
0.5947,121.55
0.5953,121.55
0.5956,121.66
0.5958,121.55
0.5964,121.55
0.5967,121.66
0.5969,121.66
0.5972,121.66
0.5978,121.66
0.5981,121.66
0.5983,121.66
0.5989,121.66
0.5992,121.66
0.5994,121.66
0.5997,121.66
0.6003,121.66
0.6006,121.66
0.6008,121.66
0.6014,121.77
0.6017,121.66
0.6019,121.77
0.6022,121.77
0.6028,121.77
0.6031,121.77
0.6033,121.89
0.6039,121.77
0.6042,121.77
0.6044,121.89
0.6047,121.89
0.6053,121.89
0.6056,121.89
0.6058,121.89
0.6064,121.89
0.6067,121.89
0.6069,122.00
0.6072,122.00
0.6078,122.00
0.6081,122.00
0.6083,122.00
0.6089,122.00
0.6092,122.00
0.6094,122.00
0.6097,122.00
0.6103,122.00
0.6106,122.00
0.6108,122.00
0.6114,122.00
0.6117,122.11
0.6119,122.11
0.6122,122.11
0.6128,122.11
0.6131,122.11
0.6133,122.11
0.6139,122.11
0.6142,122.11
0.6144,122.11
0.6147,122.11
0.6153,122.11
0.6156,122.11
0.6158,122.22
0.6164,122.11
0.6167,122.11
0.6169,122.22
0.6172,122.22
0.6178,122.22
0.6181,122.22
0.6183,122.22
0.6189,122.22
0.6192,122.22
0.6194,122.22
0.6197,122.22
0.6203,122.22
0.6206,122.22
0.6208,122.22
0.6214,122.22
0.6217,122.22
0.6219,122.22
0.6222,122.22
0.6228,122.22
0.6231,122.34
0.6233,122.34
0.6239,122.34
0.6242,122.34
0.6244,122.34
0.6247,122.34
0.6253,122.34
0.6256,122.34
0.6258,122.34
0.6264,122.34
0.6267,122.34
0.6269,122.34
0.6272,122.34
0.6278,122.34
0.6281,122.34
0.6283,122.34
0.6289,122.34
0.6292,122.34
0.6294,122.45
0.6297,122.34
0.6303,122.34
0.6306,122.34
0.6308,122.34
0.6314,122.45
0.6317,122.34
0.6319,122.45
0.6322,122.45
0.6328,122.45
0.6331,122.45
0.6333,122.45
0.6339,122.45
0.6342,122.45
0.6344,122.45
0.6347,122.45
0.6353,122.45
0.6356,122.45
0.6358,122.45
0.6364,122.45
0.6367,122.45
0.6369,122.45
0.6372,122.45
0.6378,122.45
0.6381,122.45
0.6383,122.45
0.6389,122.45
0.6392,122.45
0.6394,122.45
0.6397,122.45
0.6403,122.45
0.6406,122.45
0.6408,122.56
0.6414,122.45
0.6417,122.45
0.6419,122.45
0.6422,122.45
0.6428,122.45
0.6431,122.45
0.6433,122.45
0.6439,122.56
0.6442,122.45
0.6444,122.56
0.6447,122.45
0.6453,122.56
0.6456,122.56
0.6458,122.56
0.6464,122.56
0.6467,122.56
0.6469,122.56
0.6472,122.56
0.6478,122.56
0.6481,122.56
0.6483,122.56
0.6489,122.56
0.6492,122.56
0.6494,122.56
0.6497,122.56
0.6503,122.56
0.6506,122.56
0.6508,122.56
0.6514,122.56
0.6517,122.56
0.6519,122.56
0.6522,122.56
0.6528,122.56
0.6531,122.56
0.6533,122.56
0.6536,122.56
0.6542,122.56
0.6544,122.56
0.6547,122.56
0.6553,122.56
0.6556,122.56
0.6558,122.56
0.6561,122.56
0.6567,122.56
0.6569,122.56
0.6572,122.56
0.6578,122.56
0.6581,122.56
0.6583,122.56
0.6586,122.56
0.6592,122.56
0.6594,122.56
0.6597,122.56
0.6603,122.67
0.6606,122.67
0.6608,122.56
0.6611,122.56
0.6617,122.56
0.6619,122.56
0.6622,122.67
0.6628,122.56
0.6631,122.56
0.6633,122.56
0.6636,122.67
0.6642,122.56
0.6644,122.56
0.6647,122.67
0.6653,122.56
0.6656,122.56
0.6658,122.56
0.6661,122.67
0.6667,122.67
0.6669,122.67
0.6672,122.56
0.6678,122.56
0.6681,122.56
0.6683,122.67
0.6686,122.67
0.6692,122.56
0.6694,122.56
0.6697,122.67
0.6703,122.67
0.6706,122.56
0.6708,122.67
0.6711,122.56
0.6717,122.67
0.6719,122.56
0.6722,122.56
0.6728,122.56
0.6731,122.67
0.6733,122.67
0.6736,122.56
0.6742,122.56
0.6744,122.67
0.6747,122.67
0.6753,122.56
0.6756,122.56
0.6758,122.56
0.6761,122.56
0.6767,122.56
0.6769,122.56
0.6772,122.67
0.6778,122.56
0.6781,122.56
0.6783,122.56
0.6786,122.56
0.6792,122.56
0.6794,122.56
0.6797,122.56
0.6803,122.56
0.6806,122.56
0.6808,122.56
0.6811,122.56
0.6817,122.56
0.6819,122.56
0.6822,122.56
0.6828,122.56
0.6831,122.56
0.6833,122.56
0.6836,122.56
0.6842,122.56
0.6844,122.56
0.6847,122.56
0.6853,122.56
0.6856,122.56
0.6858,122.56
0.6861,122.56
0.6867,122.56
0.6869,122.56
0.6872,122.56
0.6878,122.56
0.6881,122.56
0.6883,122.56
0.6886,122.56
0.6892,122.56
0.6894,122.56
0.6897,122.56
0.6903,122.56
0.6906,122.56
0.6908,122.56
0.6911,122.56
0.6917,122.56
0.6919,122.56
0.6922,122.56
0.6928,122.56
0.6931,122.56
0.6933,122.56
0.6936,122.56
0.6942,122.56
0.6944,122.56
0.6947,122.56
0.6953,122.56
0.6956,122.56
0.6958,122.45
0.6961,122.56
0.6967,122.56
0.6969,122.45
0.6972,122.56
0.6978,122.45
0.6981,122.45
0.6983,122.45
0.6986,122.56
0.6992,122.45
0.6994,122.45
0.6997,122.45
0.7003,122.56
0.7006,122.45
0.7008,122.45
0.7011,122.56
0.7017,122.45
0.7019,122.56
0.7022,122.45
0.7028,122.45
0.7031,122.45
0.7033,122.45
0.7036,122.45
0.7042,122.45
0.7044,122.45
0.7047,122.45
0.7053,122.45
0.7056,122.45
0.7058,122.45
0.7061,122.45
0.7067,122.45
0.7069,122.45
0.7072,122.45
0.7078,122.45
0.7081,122.45
0.7083,122.45
0.7086,122.45
0.7092,122.45
0.7094,122.45
0.7097,122.45
0.7103,122.45
0.7106,122.45
0.7108,122.45
0.7111,122.45
0.7117,122.45
0.7119,122.45
0.7122,122.45
0.7128,122.34
0.7131,122.45
0.7133,122.45
0.7136,122.45
0.7142,122.45
0.7144,122.34
0.7147,122.34
0.7153,122.34
0.7156,122.34
0.7158,122.34
0.7161,122.34
0.7167,122.34
0.7169,122.34
0.7172,122.34
0.7178,122.34
0.7181,122.34
0.7183,122.34
0.7186,122.34
0.7192,122.34
0.7194,122.34
0.7197,122.34
0.7203,122.34
0.7206,122.34
0.7208,122.34
0.7211,122.34
0.7217,122.34
0.7219,122.34
0.7222,122.22
0.7228,122.34
0.7231,122.22
0.7233,122.22
0.7236,122.22
0.7242,122.22
0.7244,122.22
0.7247,122.22
0.7253,122.22
0.7256,122.22
0.7258,122.22
0.7261,122.22
0.7267,122.22
0.7269,122.22
0.7272,122.22
0.7278,122.22
0.7281,122.22
0.7283,122.22
0.7286,122.22
0.7292,122.11
0.7294,122.22
0.7297,122.22
0.7303,122.22
0.7306,122.22
0.7308,122.11
0.7311,122.22
0.7317,122.11
0.7319,122.11
0.7322,122.11
0.7328,122.11
0.7331,122.11
0.7333,122.11
0.7336,122.11
0.7342,122.11
0.7344,122.11
0.7347,122.11
0.7350,122.11
0.7356,122.11
0.7358,122.11
0.7361,122.11
0.7367,122.11
0.7369,122.11
0.7372,122.11
0.7375,122.11
0.7381,122.11
0.7383,122.00
0.7386,122.11
0.7392,122.00
0.7394,122.11
0.7397,122.00
0.7400,122.00
0.7406,122.00
0.7408,122.00
0.7411,122.00
0.7417,122.00
0.7419,122.00
0.7422,122.00
0.7425,122.00
0.7431,122.00
0.7433,122.00
0.7436,122.00
0.7442,122.00
0.7444,122.00
0.7447,122.00
0.7450,122.00
0.7456,122.00
0.7458,121.89
0.7461,122.00
0.7467,122.00
0.7469,122.00
0.7472,122.00
0.7475,121.89
0.7481,121.89
0.7483,121.89
0.7486,121.89
0.7492,121.89
0.7494,121.89
0.7497,121.89
0.7500,121.89
0.7506,121.89
0.7508,121.89
0.7511,121.89
0.7517,121.89
0.7519,121.89
0.7522,121.89
0.7525,121.89
0.7531,121.89
0.7533,121.89
0.7536,121.89
0.7542,121.77
0.7544,121.89
0.7547,121.77
0.7550,121.89
0.7556,121.77
0.7558,121.77
0.7561,121.77
0.7567,121.77
0.7569,121.77
0.7572,121.77
0.7575,121.77
0.7581,121.77
0.7583,121.77
0.7586,121.77
0.7592,121.77
0.7594,121.77
0.7597,121.77
0.7600,121.66
0.7606,121.77
0.7608,121.77
0.7611,121.77
0.7617,121.66
0.7619,121.66
0.7622,121.66
0.7625,121.66
0.7631,121.66
0.7633,121.77
0.7636,121.66
0.7642,121.66
0.7644,121.66
0.7647,121.77
0.7650,121.66
0.7656,121.66
0.7658,121.66
0.7661,121.66
0.7667,121.66
0.7669,121.66
0.7672,121.66
0.7675,121.66
0.7681,121.66
0.7683,121.55
0.7686,121.55
0.7692,121.55
0.7694,121.55
0.7697,121.55
0.7700,121.66
0.7706,121.66
0.7708,121.55
0.7711,121.55
0.7717,121.55
0.7719,121.55
0.7722,121.55
0.7725,121.55
0.7731,121.55
0.7733,121.55
0.7736,121.55
0.7742,121.55
0.7744,121.55
0.7747,121.55
0.7750,121.44
0.7756,121.55
0.7758,121.44
0.7761,121.55
0.7767,121.44
0.7769,121.44
0.7772,121.44
0.7775,121.44
0.7781,121.44
0.7783,121.44
0.7786,121.44
0.7792,121.44
0.7794,121.44
0.7797,121.44
0.7800,121.44
0.7806,121.44
0.7808,121.44
0.7811,121.44
0.7817,121.32
0.7819,121.44
0.7822,121.32
0.7825,121.32
0.7831,121.44
0.7833,121.32
0.7836,121.32
0.7842,121.32
0.7844,121.32
0.7847,121.32
0.7850,121.32
0.7856,121.32
0.7858,121.32
0.7861,121.32
0.7867,121.32
0.7869,121.32
0.7872,121.32
0.7875,121.21
0.7881,121.21
0.7883,121.32
0.7886,121.32
0.7892,121.21
0.7894,121.21
0.7897,121.32
0.7900,121.21
0.7906,121.21
0.7908,121.21
0.7911,121.21
0.7917,121.21
0.7919,121.21
0.7922,121.21
0.7925,121.21
0.7931,121.21
0.7933,121.21
0.7936,121.21
0.7942,121.21
0.7944,121.21
0.7947,121.21
0.7950,121.21
0.7956,121.21
0.7958,121.21
0.7961,121.10
0.7967,121.10
0.7969,121.10
0.7972,121.10
0.7975,121.10
0.7981,121.10
0.7983,121.10
0.7986,121.10
0.7992,121.10
0.7994,121.10
0.7997,121.10
0.8000,121.10
0.8006,121.10
0.8008,121.10
0.8011,121.10
0.8017,121.10
0.8019,121.10
0.8022,120.99
0.8025,121.10
0.8031,120.99
0.8033,120.99
0.8036,120.99
0.8042,120.99
0.8044,120.99
0.8047,120.99
0.8050,120.99
0.8056,120.99
0.8058,120.99
0.8061,120.99
0.8067,120.99
0.8069,120.99
0.8072,120.99
0.8075,120.99
0.8081,120.87
0.8083,120.99
0.8086,120.87
0.8092,120.99
0.8094,120.99
0.8097,120.99
0.8100,120.87
0.8106,120.87
0.8108,120.87
0.8111,120.87
0.8117,120.87
0.8119,120.87
0.8122,120.87
0.8125,120.87
0.8131,120.87
0.8133,120.87
0.8136,120.87
0.8142,120.76
0.8144,120.87
0.8147,120.87
0.8150,120.87
0.8156,120.76
0.8158,120.76
0.8161,120.76
0.8164,120.76
0.8169,120.76
0.8172,120.76
0.8175,120.76
0.8181,120.76
0.8183,120.76
0.8186,120.76
0.8189,120.76
0.8194,120.76
0.8197,120.76
0.8200,120.76
0.8206,120.65
0.8208,120.76
0.8211,120.76
0.8214,120.65
0.8219,120.65
0.8222,120.76
0.8225,120.65
0.8231,120.65
0.8233,120.65
0.8236,120.65
0.8239,120.76
0.8244,120.65
0.8247,120.65
0.8250,120.65
0.8256,120.65
0.8258,120.65
0.8261,120.65
0.8264,120.65
0.8269,120.65
0.8272,120.65
0.8275,120.65
0.8281,120.65
0.8283,120.54
0.8286,120.54
0.8289,120.65
0.8294,120.54
0.8297,120.54
0.8300,120.54
0.8306,120.54
0.8308,120.54
0.8311,120.54
0.8314,120.54
0.8319,120.54
0.8322,120.54
0.8325,120.54
0.8331,120.42
0.8333,120.54
0.8336,120.54
0.8339,120.54
0.8344,120.42
0.8347,120.42
0.8350,120.42
0.8356,120.42
0.8358,120.42
0.8361,120.42
0.8364,120.42
0.8369,120.42
0.8372,120.42
0.8375,120.42
0.8381,120.42
0.8383,120.42
0.8386,120.42
0.8389,120.42
0.8394,120.42
0.8397,120.42
0.8400,120.31
0.8406,120.42
0.8408,120.42
0.8411,120.31
0.8414,120.31
0.8419,120.31
0.8422,120.31
0.8425,120.31
0.8431,120.31
0.8433,120.31
0.8436,120.31
0.8439,120.31
0.8444,120.31
0.8447,120.31
0.8450,120.31
0.8456,120.31
0.8458,120.31
0.8461,120.31
0.8464,120.20
0.8469,120.31
0.8472,120.20
0.8475,120.31
0.8481,120.20
0.8483,120.20
0.8486,120.20
0.8489,120.20
0.8494,120.20
0.8497,120.20
0.8500,120.20
0.8506,120.20
0.8508,120.20
0.8511,120.20
0.8514,120.20
0.8519,120.20
0.8522,120.20
0.8525,120.20
0.8531,120.20
0.8533,120.09
0.8536,120.20
0.8539,120.09
0.8544,120.09
0.8547,120.09
0.8550,120.09
0.8556,120.09
0.8558,120.09
0.8561,120.09
0.8564,120.09
0.8569,120.09
0.8572,120.09
0.8575,120.09
0.8581,120.09
0.8583,120.09
0.8586,120.09
0.8589,120.09
0.8594,119.97
0.8597,120.09
0.8600,120.09
0.8606,119.97
0.8608,119.97
0.8611,119.97
0.8614,119.97
0.8619,119.97
0.8622,119.97
0.8625,119.97
0.8631,119.97
0.8633,119.97
0.8636,119.97
0.8639,119.97
0.8644,119.86
0.8647,119.97
0.8650,119.97
0.8656,119.86
0.8658,119.97
0.8661,119.86
0.8664,119.86
0.8669,119.86
0.8672,119.86
0.8675,119.86
0.8681,119.86
0.8683,119.86
0.8686,119.86
0.8689,119.86
0.8694,119.86
0.8697,119.86
0.8700,119.86
0.8706,119.86
0.8708,119.86
0.8711,119.86
0.8714,119.75
0.8719,119.86
0.8722,119.75
0.8725,119.86
0.8731,119.75
0.8733,119.75
0.8736,119.75
0.8739,119.75
0.8744,119.75
0.8747,119.75
0.8750,119.75
0.8756,119.75
0.8758,119.75
0.8761,119.75
0.8764,119.75
0.8769,119.75
0.8772,119.75
0.8775,119.75
0.8781,119.75
0.8783,119.75
0.8786,119.75
0.8789,119.75
0.8794,119.64
0.8797,119.75
0.8800,119.75
0.8806,119.75
0.8808,119.64
0.8811,119.75
0.8814,119.64
0.8819,119.75
0.8822,119.64
0.8825,119.75
0.8831,119.64
0.8833,119.64
0.8836,119.64
0.8839,119.75
0.8844,119.64
0.8847,119.64
0.8850,119.64
0.8856,119.64
0.8858,119.64
0.8861,119.64
0.8864,119.64
0.8869,119.64
0.8872,119.75
0.8875,119.64
0.8881,119.64
0.8883,119.75
0.8886,119.64
0.8889,119.75
0.8894,119.64
0.8897,119.75
0.8900,119.75
0.8906,119.64
0.8908,119.75
0.8911,119.64
0.8914,119.75
0.8919,119.75
0.8922,119.75
0.8925,119.64
0.8931,119.75
0.8933,119.75
0.8936,119.75
0.8939,119.64
0.8944,119.75
0.8947,119.75
0.8950,119.75
0.8953,119.75
0.8958,119.75
0.8961,119.75
0.8964,119.75
0.8969,119.75
0.8972,119.75
0.8975,119.75
0.8978,119.75
0.8983,119.75
0.8986,119.75
0.8989,119.75
0.8994,119.75
0.8997,119.75
0.9000,119.75
0.9003,119.75
0.9008,119.75
0.9011,119.75
0.9014,119.75
0.9019,119.75
0.9022,119.75
0.9025,119.75
0.9028,119.75
0.9033,119.75
0.9036,119.75
0.9039,119.75
0.9044,119.75
0.9047,119.86
0.9050,119.75
0.9053,119.86
0.9058,119.75
0.9061,119.75
0.9064,119.86
0.9069,119.75
0.9072,119.86
0.9075,119.86
0.9078,119.86
0.9083,119.86
0.9086,119.86
0.9089,119.86
0.9094,119.86
0.9097,119.86
0.9100,119.86
0.9103,119.86
0.9108,119.86
0.9111,119.86
0.9114,119.86
0.9119,119.86
0.9122,119.86
0.9125,119.97
0.9128,119.86
0.9133,119.86
0.9136,119.86
0.9139,119.97
0.9144,119.97
0.9147,119.97
0.9150,119.97
0.9153,119.97
0.9158,119.97
0.9161,119.97
0.9164,119.97
0.9169,119.97
0.9172,119.97
0.9175,119.97
0.9178,119.97
0.9183,119.97
0.9186,119.97
0.9189,120.09
0.9194,119.97
0.9197,119.97
0.9200,119.97
0.9203,119.97
0.9208,120.09
0.9211,119.97
0.9214,120.09
0.9219,120.09
0.9222,120.09
0.9225,120.09
0.9228,120.09
0.9233,120.09
0.9236,120.09
0.9239,120.09
0.9244,120.09
0.9247,120.09
0.9250,120.09
0.9253,120.09
0.9258,120.09
0.9261,120.09
0.9264,120.20
0.9269,120.20
0.9272,120.20
0.9275,120.20
0.9278,120.20
0.9283,120.20
0.9286,120.20
0.9289,120.20
0.9294,120.20
0.9297,120.20
0.9300,120.20
0.9303,120.20
0.9308,120.31
0.9311,120.31
0.9314,120.31
0.9319,120.31
0.9322,120.31
0.9325,120.31
0.9328,120.31
0.9333,120.31
0.9336,120.31
0.9339,120.20
0.9344,120.31
0.9347,120.31
0.9350,120.31
0.9353,120.31
0.9358,120.31
0.9361,120.31
0.9364,120.31
0.9369,120.31
0.9372,120.31
0.9375,120.31
0.9378,120.31
0.9383,120.31
0.9386,120.31
0.9389,120.31
0.9394,120.31
0.9397,120.31
0.9400,120.42
0.9403,120.31
0.9408,120.31
0.9411,120.31
0.9414,120.31
0.9419,120.31
0.9422,120.31
0.9425,120.31
0.9428,120.42
0.9433,120.31
0.9436,120.42
0.9439,120.42
0.9444,120.42
0.9447,120.42
0.9450,120.42
0.9453,120.42
0.9458,120.42
0.9461,120.42
0.9464,120.42
0.9469,120.42
0.9472,120.42
0.9475,120.54
0.9478,120.42
0.9483,120.42
0.9486,120.42
0.9489,120.42
0.9494,120.42
0.9497,120.54
0.9500,120.54
0.9503,120.54
0.9508,120.54
0.9511,120.54
0.9514,120.54
0.9519,120.54
0.9522,120.54
0.9525,120.54
0.9528,120.65
0.9533,120.54
0.9536,120.54
0.9539,120.65
0.9544,120.54
0.9547,120.65
0.9550,120.65
0.9553,120.65
0.9558,120.65
0.9561,120.65
0.9564,120.65
0.9569,120.65
0.9572,120.65
0.9575,120.65
0.9578,120.65
0.9583,120.65
0.9586,120.65
0.9589,120.76
0.9594,120.76
0.9597,120.76
0.9600,120.76
0.9603,120.76
0.9608,120.76
0.9611,120.76
0.9614,120.76
0.9619,120.76
0.9622,120.76
0.9625,120.76
0.9628,120.76
0.9633,120.76
0.9636,120.87
0.9639,120.87
0.9644,120.87
0.9647,120.87
0.9650,120.87
0.9653,120.87
0.9658,120.87
0.9661,120.87
0.9664,120.87
0.9669,120.87
0.9672,120.87
0.9675,120.99
0.9678,120.99
0.9683,120.99
0.9686,120.99
0.9689,120.99
0.9694,120.99
0.9697,120.99
0.9700,120.99
0.9703,120.99
0.9708,120.99
0.9711,120.99
0.9714,120.99
0.9719,120.99
0.9722,120.99
0.9725,120.99
0.9728,120.99
0.9733,121.10
0.9736,120.99
0.9739,121.10
0.9744,120.99
0.9747,121.10
0.9750,120.99
0.9753,121.10
0.9758,121.10
0.9761,121.10
0.9764,121.10
0.9767,121.10
0.9772,121.10
0.9775,121.10
0.9778,121.10
0.9783,121.10
0.9786,121.10
0.9789,121.21
0.9792,121.10
0.9797,121.21
0.9800,121.21
0.9803,121.21
0.9808,121.21
0.9811,121.21
0.9814,121.21
0.9817,121.21
0.9822,121.21
0.9825,121.21
0.9828,121.21
0.9833,121.32
0.9836,121.21
0.9839,121.21
0.9842,121.32
0.9847,121.32
0.9850,121.32
0.9853,121.21
0.9858,121.32
0.9861,121.32
0.9864,121.32
0.9867,121.32
0.9872,121.32
0.9875,121.32
0.9878,121.32
0.9883,121.44
0.9886,121.32
0.9889,121.44
0.9892,121.44
0.9897,121.44
0.9900,121.44
0.9903,121.44
0.9908,121.44
0.9911,121.44
0.9914,121.44
0.9917,121.44
0.9922,121.44
0.9925,121.44
0.9928,121.55
0.9933,121.55
0.9936,121.55
0.9939,121.55
0.9942,121.55
0.9947,121.55
0.9950,121.55
0.9953,121.55
0.9958,121.55
0.9961,121.55
0.9964,121.55
0.9967,121.55
0.9972,121.55
0.9975,121.55
0.9978,121.55
0.9983,121.66
0.9986,121.66
0.9989,121.66
0.9992,121.66
0.9997,121.66
1.0000,121.66
1.0003,121.66
1.0008,121.66
1.0011,121.66
1.0014,121.66
1.0017,121.66
1.0022,121.66
1.0025,121.66
1.0028,121.66
1.0033,121.66
1.0036,121.66
1.0039,121.77
1.0042,121.77
1.0047,121.77
1.0050,121.77
1.0053,121.77
1.0058,121.77
1.0061,121.77
1.0064,121.77
1.0067,121.77
1.0072,121.77
1.0075,121.77
1.0078,121.77
1.0083,121.77
1.0086,121.77
1.0089,121.77
1.0092,121.77
1.0097,121.77
1.0100,121.77
1.0103,121.89
1.0108,121.89
1.0111,121.89
1.0114,121.89
1.0117,121.89
1.0122,121.89
1.0125,121.89
1.0128,121.89
1.0133,121.89
1.0136,121.89
1.0139,121.89
1.0142,121.89
1.0147,121.89
1.0150,121.89
1.0153,121.89
1.0158,121.89
1.0161,121.89
1.0164,121.89
1.0167,121.89
1.0172,121.89
1.0175,121.89
1.0178,121.89
1.0183,122.00
1.0186,122.00
1.0189,121.89
1.0192,121.89
1.0197,121.89
1.0200,121.89
1.0203,122.00
1.0208,121.89
1.0211,121.89
1.0214,121.89
1.0217,122.00
1.0222,122.00
1.0225,122.00
1.0228,122.00
1.0233,122.00
1.0236,122.00
1.0239,122.00
1.0242,122.00
1.0247,122.00
1.0250,122.00
1.0253,122.00
1.0258,122.00
1.0261,122.00
1.0264,122.00
1.0267,122.00
1.0272,122.00
1.0275,122.00
1.0278,122.00
1.0283,122.00
1.0286,122.00
1.0289,122.00
1.0292,122.00
1.0297,122.00
1.0300,122.00
1.0303,122.00
1.0308,122.00
1.0311,122.00
1.0314,122.00
1.0317,122.00
1.0322,122.00
1.0325,122.11
1.0328,122.00
1.0333,122.00
1.0336,122.11
1.0339,122.00
1.0342,122.00
1.0347,122.00
1.0350,122.00
1.0353,122.11
1.0358,122.00
1.0361,122.00
1.0364,122.00
1.0367,122.11
1.0372,122.00
1.0375,122.00
1.0378,122.11
1.0383,122.00
1.0386,122.00
1.0389,122.00
1.0392,122.00
1.0397,122.11
1.0400,122.11
1.0403,122.00
1.0408,122.11
1.0411,122.11
1.0414,122.11
1.0417,122.11
1.0422,122.11
1.0425,122.11
1.0428,122.11
1.0433,122.11
1.0436,122.00
1.0439,122.00
1.0442,122.11
1.0447,122.00
1.0450,122.11
1.0453,122.11
1.0458,122.11
1.0461,122.11
1.0464,122.11
1.0467,122.11
1.0472,122.11
1.0475,122.11
1.0478,122.11
1.0483,122.11
1.0486,122.00
1.0489,122.11
1.0492,122.11
1.0497,122.11
1.0500,122.11
1.0503,122.11
1.0508,122.11
1.0511,122.00
1.0514,122.11
1.0517,122.11
1.0522,122.00
1.0525,122.11
1.0528,122.11
1.0533,122.00
1.0536,122.00
1.0539,122.11
1.0542,122.00
1.0547,122.11
1.0550,122.00
1.0553,122.11
1.0556,122.00
1.0561,122.11
1.0564,122.11
1.0567,122.11
1.0572,122.00
1.0575,122.11
1.0578,122.11
1.0581,122.00
1.0586,122.11
1.0589,122.11
1.0592,122.00
1.0597,122.00
1.0600,122.00
1.0603,122.00
1.0606,122.00
1.0611,122.00
1.0614,122.11
1.0617,122.11
1.0622,122.00
1.0625,122.00
1.0628,122.00
1.0631,122.00
1.0636,122.00
1.0639,122.11
1.0642,122.00
1.0647,122.00
1.0650,122.11
1.0653,122.00
1.0656,122.00
1.0661,122.00
1.0664,122.00
1.0667,122.00
1.0672,122.00
1.0675,122.00
1.0678,122.00
1.0681,122.00
1.0686,122.00
1.0689,122.00
1.0692,122.00
1.0697,122.00
1.0700,122.00
1.0703,122.00
1.0706,122.00
1.0711,122.00
1.0714,122.00
1.0717,122.00
1.0722,122.00
1.0725,122.00
1.0728,122.00
1.0731,121.89
1.0736,122.00
1.0739,122.00
1.0742,121.89
1.0747,122.00
1.0750,121.89
1.0753,122.00
1.0756,122.00
1.0761,122.00
1.0764,122.00
1.0767,121.89
1.0772,121.89
1.0775,121.89
1.0778,121.89
1.0781,121.89
1.0786,121.89
1.0789,121.89
1.0792,121.89
1.0797,121.89
1.0800,121.89
1.0803,121.89
1.0806,121.89
1.0811,121.89
1.0814,121.77
1.0817,121.89
1.0822,121.89
1.0825,121.89
1.0828,121.77
1.0831,121.77
1.0836,121.77
1.0839,121.77
1.0842,121.77
1.0847,121.77
1.0850,121.77
1.0853,121.77
1.0856,121.77
1.0861,121.77
1.0864,121.77
1.0867,121.77
1.0872,121.77
1.0875,121.77
1.0878,121.77
1.0881,121.77
1.0886,121.77
1.0889,121.66
1.0892,121.77
1.0897,121.66
1.0900,121.77
1.0903,121.66
1.0906,121.66
1.0911,121.66
1.0914,121.66
1.0917,121.66
1.0922,121.66
1.0925,121.66
1.0928,121.66
1.0931,121.66
1.0936,121.66
1.0939,121.66
1.0942,121.66
1.0947,121.55
1.0950,121.66
1.0953,121.55
1.0956,121.55
1.0961,121.55
1.0964,121.55
1.0967,121.55
1.0972,121.55
1.0975,121.55
1.0978,121.55
1.0981,121.55
1.0986,121.55
1.0989,121.55
1.0992,121.55
1.0997,121.55
1.1000,121.55
1.1003,121.55
1.1006,121.44
1.1011,121.55
1.1014,121.55
1.1017,121.55
1.1022,121.55
1.1025,121.44
1.1028,121.55
1.1031,121.44
1.1036,121.44
1.1039,121.44
1.1042,121.44
1.1047,121.44
1.1050,121.44
1.1053,121.44
1.1056,121.44
1.1061,121.44
1.1064,121.44
1.1067,121.44
1.1072,121.44
1.1075,121.44
1.1078,121.44
1.1081,121.44
1.1086,121.44
1.1089,121.44
1.1092,121.32
1.1097,121.32
1.1100,121.32
1.1103,121.44
1.1106,121.32
1.1111,121.32
1.1114,121.32
1.1117,121.32
1.1122,121.32
1.1125,121.32
1.1128,121.32
1.1131,121.32
1.1136,121.32
1.1139,121.32
1.1142,121.32
1.1147,121.32
1.1150,121.32
1.1153,121.32
1.1156,121.32
1.1161,121.32
1.1164,121.21
1.1167,121.32
1.1172,121.32
1.1175,121.21
1.1178,121.21
1.1181,121.21
1.1186,121.21
1.1189,121.21
1.1192,121.21
1.1197,121.21
1.1200,121.21
1.1203,121.21
1.1206,121.21
1.1211,121.21
1.1214,121.10
1.1217,121.21
1.1222,121.21
1.1225,121.21
1.1228,121.10
1.1231,121.10
1.1236,121.10
1.1239,121.10
1.1242,121.10
1.1247,121.10
1.1250,121.10
1.1253,121.10
1.1256,121.10
1.1261,121.10
1.1264,121.10
1.1267,121.10
1.1272,120.99
1.1275,121.10
1.1278,121.10
1.1281,121.10
1.1286,120.99
1.1289,121.10
1.1292,120.99
1.1297,120.99
1.1300,120.99
1.1303,120.99
1.1306,120.99
1.1311,120.99
1.1314,120.99
1.1317,120.99
1.1322,120.99
1.1325,120.99
1.1328,120.99
1.1331,120.99
1.1336,120.99
1.1339,120.99
1.1342,120.99
1.1347,120.87
1.1350,120.87
1.1353,120.99
1.1356,120.87
1.1361,120.99
1.1364,120.87
1.1367,120.87
1.1369,120.87
1.1375,120.87
1.1378,120.87
1.1381,120.87
1.1386,120.87
1.1389,120.87
1.1392,120.87
1.1394,120.87
1.1400,120.87
1.1403,120.87
1.1406,120.87
1.1411,120.87
1.1414,120.76
1.1417,120.76
1.1419,120.76
1.1425,120.76
1.1428,120.76
1.1431,120.76
1.1436,120.76
1.1439,120.76
1.1442,120.76
1.1444,120.76
1.1450,120.76
1.1453,120.76
1.1456,120.76
1.1461,120.76
1.1464,120.76
1.1467,120.76
1.1469,120.65
1.1475,120.65
1.1478,120.76
1.1481,120.65
1.1486,120.65
1.1489,120.65
1.1492,120.76
1.1494,120.65
1.1500,120.65
1.1503,120.65
1.1506,120.65
1.1511,120.65
1.1514,120.65
1.1517,120.65
1.1519,120.65
1.1525,120.65
1.1528,120.65
1.1531,120.65
1.1536,120.65
1.1539,120.54
1.1542,120.54
1.1544,120.54
1.1550,120.54
1.1553,120.54
1.1556,120.54
1.1561,120.54
1.1564,120.54
1.1567,120.54
1.1569,120.54
1.1575,120.54
1.1578,120.54
1.1581,120.54
1.1586,120.42
1.1589,120.54
1.1592,120.54
1.1594,120.54
1.1600,120.54
1.1603,120.42
1.1606,120.54
1.1611,120.42
1.1614,120.42
1.1617,120.42
1.1619,120.42
1.1625,120.42
1.1628,120.42
1.1631,120.42
1.1636,120.42
1.1639,120.42
1.1642,120.42
1.1644,120.42
1.1650,120.42
1.1653,120.42
1.1656,120.42
1.1661,120.31
1.1664,120.42
1.1667,120.42
1.1669,120.31
1.1675,120.42
1.1678,120.31
1.1681,120.31
1.1686,120.31
1.1689,120.31
1.1692,120.31
1.1694,120.31
1.1700,120.31
1.1703,120.31
1.1706,120.31
1.1711,120.31
1.1714,120.31
1.1717,120.31
1.1719,120.20
1.1725,120.20
1.1728,120.20
1.1731,120.20
1.1736,120.20
1.1739,120.20
1.1742,120.20
1.1744,120.20
1.1750,120.20
1.1753,120.20
1.1756,120.20
1.1761,120.20
1.1764,120.20
1.1767,120.20
1.1769,120.09
1.1775,120.09
1.1778,120.09
1.1781,120.09
1.1786,120.09
1.1789,120.09
1.1792,120.09
1.1794,120.09
1.1800,119.97
1.1803,120.09
1.1806,120.09
1.1811,120.09
1.1814,120.09
1.1817,119.97
1.1819,119.97
1.1825,119.97
1.1828,119.97
1.1831,119.97
1.1836,119.97
1.1839,119.97
1.1842,119.97
1.1844,119.97
1.1850,119.97
1.1853,119.97
1.1856,119.97
1.1861,119.97
1.1864,119.97
1.1867,119.97
1.1869,119.86
1.1875,119.86
1.1878,119.86
1.1881,119.86
1.1886,119.86
1.1889,119.86
1.1892,119.86
1.1894,119.86
1.1900,119.86
1.1903,119.86
1.1906,119.86
1.1911,119.86
1.1914,119.86
1.1917,119.75
1.1919,119.86
1.1925,119.86
1.1928,119.75
1.1931,119.86
1.1936,119.86
1.1939,119.75
1.1942,119.75
1.1944,119.75
1.1950,119.75
1.1953,119.75
1.1956,119.75
1.1961,119.75
1.1964,119.75
1.1967,119.75
1.1969,119.75
1.1975,119.75
1.1978,119.75
1.1981,119.75
1.1986,119.75
1.1989,119.75
1.1992,119.75
1.1994,119.75
1.2000,119.75
1.2003,119.75
1.2006,119.75
1.2011,119.75
1.2014,119.64
1.2017,119.75
1.2019,119.75
1.2025,119.75
1.2028,119.64
1.2031,119.64
1.2036,119.64
1.2039,119.75
1.2042,119.75
1.2044,119.75
1.2050,119.75
1.2053,119.64
1.2056,119.64
1.2061,119.75
1.2064,119.75
1.2067,119.75
1.2069,119.64
1.2075,119.64
1.2078,119.75
1.2081,119.64
1.2086,119.64
1.2089,119.75
1.2092,119.75
1.2094,119.64
1.2100,119.75
1.2103,119.64
1.2106,119.75
1.2111,119.64
1.2114,119.75
1.2117,119.75
1.2119,119.64
1.2125,119.75
1.2128,119.75
1.2131,119.75
1.2136,119.75
1.2139,119.75
