0.0003,134.49
0.0006,134.49
0.0008,134.49
0.0011,134.49
0.0017,134.49
0.0019,134.49
0.0022,134.49
0.0028,134.49
0.0031,134.49
0.0033,134.49
0.0036,134.49
0.0042,134.49
0.0044,134.49
0.0047,134.49
0.0053,134.49
0.0056,134.49
0.0058,134.49
0.0061,134.49
0.0067,134.49
0.0069,134.49
0.0072,134.49
0.0078,134.49
0.0081,134.49
0.0083,134.60
0.0086,134.60
0.0092,134.60
0.0094,134.60
0.0097,134.60
0.0103,134.60
0.0106,134.60
0.0108,134.60
0.0111,134.60
0.0117,134.60
0.0119,134.60
0.0122,134.60
0.0128,134.60
0.0131,134.60
0.0133,134.71
0.0136,134.60
0.0142,134.71
0.0144,134.71
0.0147,134.60
0.0153,134.71
0.0156,134.71
0.0158,134.71
0.0161,134.71
0.0167,134.71
0.0169,134.71
0.0172,134.71
0.0178,134.71
0.0181,134.71
0.0183,134.71
0.0186,134.71
0.0192,134.71
0.0194,134.71
0.0197,134.71
0.0200,134.71
0.0206,134.71
0.0208,134.71
0.0211,134.71
0.0217,134.71
0.0219,134.71
0.0222,134.71
0.0225,134.83
0.0231,134.71
0.0233,134.83
0.0236,134.71
0.0242,134.83
0.0244,134.83
0.0247,134.71
0.0250,134.83
0.0256,134.83
0.0258,134.83
0.0261,134.83
0.0267,134.83
0.0269,134.83
0.0272,134.83
0.0275,134.94
0.0281,134.94
0.0283,134.94
0.0286,134.94
0.0292,134.94
0.0294,134.94
0.0297,134.94
0.0300,134.94
0.0306,134.94
0.0308,134.94
0.0311,134.94
0.0317,134.94
0.0319,134.94
0.0322,134.94
0.0325,134.94
0.0331,134.94
0.0333,135.05
0.0336,134.94
0.0342,134.94
0.0344,134.94
0.0347,135.05
0.0350,134.94
0.0356,135.05
0.0358,135.05
0.0361,135.05
0.0367,135.05
0.0369,135.05
0.0372,135.05
0.0375,134.94
0.0381,135.05
0.0383,135.05
0.0386,135.05
0.0392,135.05
0.0394,135.05
0.0397,135.05
0.0400,135.05
0.0406,135.16
0.0408,135.05
0.0411,135.05
0.0417,135.16
0.0419,135.16
0.0422,135.16
0.0425,135.16
0.0431,135.16
0.0433,135.16
0.0436,135.16
0.0442,135.16
0.0444,135.16
0.0447,135.16
0.0450,135.27
0.0456,135.16
0.0458,135.27
0.0461,135.27
0.0467,135.27
0.0469,135.27
0.0472,135.27
0.0475,135.27
0.0481,135.27
0.0483,135.27
0.0486,135.27
0.0492,135.27
0.0494,135.27
0.0497,135.39
0.0500,135.27
0.0506,135.39
0.0508,135.27
0.0511,135.27
0.0517,135.27
0.0519,135.39
0.0522,135.39
0.0525,135.39
0.0531,135.39
0.0533,135.39
0.0536,135.39
0.0542,135.39
0.0544,135.39
0.0547,135.39
0.0550,135.39
0.0556,135.39
0.0558,135.39
0.0561,135.50
0.0567,135.39
0.0569,135.50
0.0572,135.50
0.0575,135.50
0.0581,135.50
0.0583,135.50
0.0586,135.50
0.0592,135.50
0.0594,135.50
0.0597,135.61
0.0600,135.61
0.0606,135.61
0.0608,135.61
0.0611,135.61
0.0617,135.61
0.0619,135.61
0.0622,135.61
0.0625,135.61
0.0631,135.61
0.0633,135.61
0.0636,135.61
0.0642,135.61
0.0644,135.61
0.0647,135.73
0.0650,135.73
0.0656,135.73
0.0658,135.61
0.0661,135.73
0.0667,135.73
0.0669,135.73
0.0672,135.73
0.0675,135.73
0.0681,135.73
0.0683,135.73
0.0686,135.73
0.0692,135.73
0.0694,135.73
0.0697,135.73
0.0700,135.73
0.0706,135.84
0.0708,135.84
0.0711,135.73
0.0717,135.84
0.0719,135.84
0.0722,135.84
0.0725,135.84
0.0731,135.84
0.0733,135.84
0.0736,135.95
0.0742,135.84
0.0744,135.84
0.0747,135.84
0.0750,135.95
0.0756,135.84
0.0758,135.95
0.0761,135.95
0.0767,135.95
0.0769,135.95
0.0772,135.95
0.0775,135.95
0.0781,135.95
0.0783,135.95
0.0786,136.06
0.0792,135.95
0.0794,136.06
0.0797,135.95
0.0800,135.95
0.0806,136.06
0.0808,136.06
0.0811,136.06
0.0817,136.06
0.0819,136.06
0.0822,136.06
0.0825,136.06
0.0831,136.06
0.0833,136.06
0.0836,136.06
0.0842,136.06
0.0844,136.17
0.0847,136.17
0.0850,136.17
0.0856,136.17
0.0858,136.17
0.0861,136.17
0.0867,136.17
0.0869,136.17
0.0872,136.17
0.0875,136.17
0.0881,136.17
0.0883,136.17
0.0886,136.29
0.0892,136.17
0.0894,136.17
0.0897,136.17
0.0900,136.17
0.0906,136.29
0.0908,136.29
0.0911,136.29
0.0917,136.29
0.0919,136.29
0.0922,136.29
0.0925,136.29
0.0931,136.29
0.0933,136.29
0.0936,136.29
0.0942,136.29
0.0944,136.29
0.0947,136.40
0.0950,136.29
0.0956,136.40
0.0958,136.40
0.0961,136.40
0.0967,136.40
0.0969,136.40
0.0972,136.40
0.0975,136.40
0.0981,136.40
0.0983,136.40
0.0986,136.40
0.0989,136.51
0.0994,136.40
0.0997,136.40
0.1000,136.51
0.1006,136.51
0.1008,136.51
0.1011,136.51
0.1014,136.51
0.1019,136.51
0.1022,136.51
0.1025,136.63
0.1031,136.51
0.1033,136.63
0.1036,136.51
0.1039,136.63
0.1044,136.51
0.1047,136.63
0.1050,136.51
0.1056,136.63
0.1058,136.63
0.1061,136.63
0.1064,136.74
0.1069,136.63
0.1072,136.63
0.1075,136.63
0.1081,136.74
0.1083,136.63
0.1086,136.74
0.1089,136.74
0.1094,136.74
0.1097,136.74
0.1100,136.74
0.1106,136.74
0.1108,136.74
0.1111,136.85
0.1114,136.74
0.1119,136.85
0.1122,136.85
0.1125,136.85
0.1131,136.85
0.1133,136.85
0.1136,136.85
0.1139,136.85
0.1144,136.85
0.1147,136.85
0.1150,136.85
0.1156,136.96
0.1158,136.85
0.1161,136.85
0.1164,136.85
0.1169,136.96
0.1172,136.96
0.1175,136.96
0.1181,136.96
0.1183,136.96
0.1186,136.96
0.1189,136.96
0.1194,136.96
0.1197,136.96
0.1200,136.96
0.1206,136.96
0.1208,137.08
0.1211,137.08
0.1214,137.08
0.1219,137.08
0.1222,137.08
0.1225,137.08
0.1231,137.08
0.1233,137.08
0.1236,137.19
0.1239,137.19
0.1244,137.19
0.1247,137.08
0.1250,137.08
0.1256,137.19
0.1258,137.08
0.1261,137.19
0.1264,137.19
0.1269,137.19
0.1272,137.19
0.1275,137.19
0.1281,137.19
0.1283,137.19
0.1286,137.19
0.1289,137.19
0.1294,137.19
0.1297,137.19
0.1300,137.19
0.1306,137.30
0.1308,137.19
0.1311,137.30
0.1314,137.30
0.1319,137.30
0.1322,137.30
0.1325,137.30
0.1331,137.30
0.1333,137.30
0.1336,137.30
0.1339,137.30
0.1344,137.30
0.1347,137.30
0.1350,137.30
0.1356,137.30
0.1358,137.41
0.1361,137.41
0.1364,137.41
0.1369,137.41
0.1372,137.41
0.1375,137.41
0.1381,137.41
0.1383,137.41
0.1386,137.41
0.1389,137.41
0.1394,137.52
0.1397,137.52
0.1400,137.52
0.1406,137.52
0.1408,137.52
0.1411,137.52
0.1414,137.52
0.1419,137.52
0.1422,137.64
0.1425,137.64
0.1431,137.64
0.1433,137.64
0.1436,137.64
0.1439,137.64
0.1444,137.64
0.1447,137.64
0.1450,137.64
0.1456,137.75
0.1458,137.64
0.1461,137.64
0.1464,137.64
0.1469,137.75
0.1472,137.75
0.1475,137.75
0.1481,137.75
0.1483,137.75
0.1486,137.86
0.1489,137.75
0.1494,137.86
0.1497,137.86
0.1500,137.86
0.1506,137.86
0.1508,137.86
0.1511,137.86
0.1514,137.86
0.1519,137.86
0.1522,137.98
0.1525,137.86
0.1531,137.98
0.1533,137.98
0.1536,137.98
0.1539,137.86
0.1544,137.98
0.1547,137.98
0.1550,137.98
0.1556,137.98
0.1558,137.98
0.1561,137.98
0.1564,137.98
0.1569,137.98
0.1572,138.09
0.1575,137.98
0.1581,138.09
0.1583,138.09
0.1586,138.09
0.1589,138.09
0.1594,138.09
0.1597,138.09
0.1600,138.09
0.1606,138.09
0.1608,138.09
0.1611,138.09
0.1614,138.09
0.1619,138.09
0.1622,138.09
0.1625,138.09
0.1631,138.20
0.1633,138.20
0.1636,138.20
0.1639,138.20
0.1644,138.20
0.1647,138.20
0.1650,138.31
0.1656,138.31
0.1658,138.31
0.1661,138.31
0.1664,138.31
0.1669,138.31
0.1672,138.42
0.1675,138.31
0.1681,138.42
0.1683,138.31
0.1686,138.42
0.1689,138.42
0.1694,138.42
0.1697,138.42
0.1700,138.42
0.1706,138.42
0.1708,138.42
0.1711,138.42
0.1714,138.42
0.1719,138.42
0.1722,138.42
0.1725,138.42
0.1731,138.54
0.1733,138.42
0.1736,138.54
0.1739,138.54
0.1744,138.54
0.1747,138.54
0.1750,138.54
0.1756,138.54
0.1758,138.54
0.1761,138.54
0.1764,138.54
0.1769,138.54
0.1772,138.54
0.1775,138.54
0.1778,138.54
0.1783,138.54
0.1786,138.54
0.1789,138.65
0.1794,138.54
0.1797,138.65
0.1800,138.65
0.1803,138.65
0.1808,138.65
0.1811,138.65
0.1814,138.65
0.1819,138.65
0.1822,138.65
0.1825,138.76
0.1828,138.65
0.1833,138.76
0.1836,138.76
0.1839,138.76
0.1844,138.76
0.1847,138.76
0.1850,138.76
0.1853,138.76
0.1858,138.76
0.1861,138.76
0.1864,138.76
0.1869,138.76
0.1872,138.88
0.1875,138.88
0.1878,138.88
0.1883,138.88
0.1886,138.88
0.1889,138.88
0.1894,138.88
0.1897,138.88
0.1900,138.88
0.1903,138.88
0.1908,138.88
0.1911,138.99
0.1914,138.88
0.1919,138.99
0.1922,138.99
0.1925,138.99
0.1928,138.99
0.1933,138.99
0.1936,138.99
0.1939,138.99
0.1944,139.10
0.1947,138.99
0.1950,139.10
0.1953,139.10
0.1958,139.10
0.1961,139.10
0.1964,139.10
0.1969,139.10
0.1972,139.10
0.1975,139.21
0.1978,139.21
0.1983,139.10
0.1986,139.10
0.1989,139.10
0.1994,139.10
0.1997,139.21
0.2000,139.21
0.2003,139.21
0.2008,139.21
0.2011,139.21
0.2014,139.21
0.2019,139.21
0.2022,139.21
0.2025,139.33
0.2028,139.33
0.2033,139.33
0.2036,139.33
0.2039,139.33
0.2044,139.33
0.2047,139.33
0.2050,139.33
0.2053,139.33
0.2058,139.33
0.2061,139.44
0.2064,139.44
0.2069,139.44
0.2072,139.33
0.2075,139.44
0.2078,139.44
0.2083,139.44
0.2086,139.44
0.2089,139.44
0.2094,139.44
0.2097,139.44
0.2100,139.44
0.2103,139.44
0.2108,139.55
0.2111,139.55
0.2114,139.55
0.2119,139.55
0.2122,139.55
0.2125,139.55
0.2128,139.55
0.2133,139.55
0.2136,139.55
0.2139,139.55
0.2144,139.66
0.2147,139.55
0.2150,139.66
0.2153,139.66
0.2158,139.66
0.2161,139.66
0.2164,139.66
0.2169,139.66
0.2172,139.66
0.2175,139.77
0.2178,139.77
0.2183,139.77
0.2186,139.77
0.2189,139.77
0.2194,139.77
0.2197,139.77
0.2200,139.77
0.2203,139.77
0.2208,139.77
0.2211,139.77
0.2214,139.77
0.2219,139.89
0.2222,139.77
0.2225,139.89
0.2228,139.89
0.2233,139.89
0.2236,139.89
0.2239,139.89
0.2244,139.89
0.2247,139.89
0.2250,139.89
0.2253,139.89
0.2258,139.89
0.2261,140.00
0.2264,140.00
0.2269,140.00
0.2272,140.00
0.2275,140.00
0.2278,140.11
0.2283,140.00
0.2286,140.00
0.2289,140.00
0.2294,140.00
0.2297,140.11
0.2300,140.11
0.2303,140.11
0.2308,140.11
0.2311,140.11
0.2314,140.11
0.2319,140.11
0.2322,140.11
0.2325,140.11
0.2328,140.11
0.2333,140.11
0.2336,140.11
0.2339,140.11
0.2344,140.11
0.2347,140.23
0.2350,140.23
0.2353,140.23
0.2358,140.23
0.2361,140.23
0.2364,140.23
0.2369,140.23
0.2372,140.23
0.2375,140.34
0.2378,140.23
0.2383,140.23
0.2386,140.34
0.2389,140.34
0.2394,140.34
0.2397,140.34
0.2400,140.34
0.2403,140.34
0.2408,140.34
0.2411,140.34
0.2414,140.34
0.2419,140.34
0.2422,140.34
0.2425,140.34
0.2428,140.34
0.2433,140.45
0.2436,140.45
0.2439,140.45
0.2444,140.45
0.2447,140.45
0.2450,140.45
0.2453,140.45
0.2458,140.45
0.2461,140.45
0.2464,140.56
0.2469,140.45
0.2472,140.45
0.2475,140.56
0.2478,140.56
0.2483,140.56
0.2486,140.56
0.2489,140.56
0.2494,140.56
0.2497,140.56
0.2500,140.56
0.2503,140.56
0.2508,140.56
0.2511,140.67
0.2514,140.67
0.2519,140.67
0.2522,140.67
0.2525,140.67
0.2528,140.67
0.2533,140.67
0.2536,140.79
0.2539,140.79
0.2544,140.79
0.2547,140.79
0.2550,140.79
0.2553,140.79
0.2558,140.79
0.2561,140.90
0.2564,140.79
0.2567,140.79
0.2572,140.79
0.2575,140.90
0.2578,140.90
0.2583,140.90
0.2586,140.90
0.2589,140.90
0.2592,140.90
0.2597,140.90
0.2600,140.90
0.2603,140.90
0.2608,141.01
0.2611,141.01
0.2614,141.01
0.2617,141.01
0.2622,141.01
0.2625,141.01
0.2628,141.01
0.2633,141.01
0.2636,141.01
0.2639,141.01
0.2642,141.13
0.2647,141.13
0.2650,141.13
0.2653,141.13
0.2658,141.13
0.2661,141.13
0.2664,141.13
0.2667,141.13
0.2672,141.13
0.2675,141.13
0.2678,141.13
0.2683,141.24
0.2686,141.13
0.2689,141.13
0.2692,141.13
0.2697,141.13
0.2700,141.24
0.2703,141.24
0.2708,141.13
0.2711,141.24
0.2714,141.24
0.2717,141.24
0.2722,141.24
0.2725,141.24
0.2728,141.24
0.2733,141.24
0.2736,141.24
0.2739,141.24
0.2742,141.24
0.2747,141.24
0.2750,141.35
0.2753,141.35
0.2758,141.35
0.2761,141.35
0.2764,141.35
0.2767,141.35
0.2772,141.35
0.2775,141.35
0.2778,141.35
0.2783,141.46
0.2786,141.46
0.2789,141.35
0.2792,141.46
0.2797,141.46
0.2800,141.46
0.2803,141.46
0.2808,141.58
0.2811,141.46
0.2814,141.46
0.2817,141.58
0.2822,141.58
0.2825,141.46
0.2828,141.58
0.2833,141.46
0.2836,141.58
0.2839,141.58
0.2842,141.58
0.2847,141.58
0.2850,141.58
0.2853,141.58
0.2858,141.58
0.2861,141.58
0.2864,141.69
0.2867,141.58
0.2872,141.69
0.2875,141.69
0.2878,141.69
0.2883,141.69
0.2886,141.69
0.2889,141.69
0.2892,141.69
0.2897,141.69
0.2900,141.69
0.2903,141.69
0.2908,141.69
0.2911,141.69
0.2914,141.80
0.2917,141.80
0.2922,141.80
0.2925,141.80
0.2928,141.80
0.2933,141.80
0.2936,141.80
0.2939,141.91
0.2942,141.80
0.2947,141.91
0.2950,141.91
0.2953,141.91
0.2958,141.80
0.2961,141.91
0.2964,141.91
0.2967,141.91
0.2972,141.91
0.2975,141.91
0.2978,141.91
0.2983,141.91
0.2986,141.91
0.2989,141.91
0.2992,141.91
0.2997,142.02
0.3000,142.02
0.3003,142.02
0.3008,142.02
0.3011,142.02
0.3014,142.02
0.3017,142.02
0.3022,142.02
0.3025,142.02
0.3028,142.14
0.3033,142.02
0.3036,142.02
0.3039,142.14
0.3042,142.14
0.3047,142.14
0.3050,142.14
0.3053,142.14
0.3058,142.14
0.3061,142.14
0.3064,142.14
0.3067,142.25
0.3072,142.25
0.3075,142.25
0.3078,142.25
0.3083,142.25
0.3086,142.25
0.3089,142.25
0.3092,142.25
0.3097,142.25
0.3100,142.25
0.3103,142.25
0.3108,142.25
0.3111,142.36
0.3114,142.36
0.3117,142.36
0.3122,142.36
0.3125,142.36
0.3128,142.36
0.3133,142.36
0.3136,142.36
0.3139,142.36
0.3142,142.36
0.3147,142.36
0.3150,142.36
0.3153,142.36
0.3158,142.36
0.3161,142.36
0.3164,142.36
0.3167,142.36
0.3172,142.48
0.3175,142.48
0.3178,142.48
0.3183,142.48
0.3186,142.48
0.3189,142.48
0.3192,142.48
0.3197,142.48
0.3200,142.48
0.3203,142.59
0.3208,142.59
0.3211,142.59
0.3214,142.59
0.3217,142.59
0.3222,142.59
0.3225,142.59
0.3228,142.70
0.3233,142.59
0.3236,142.70
0.3239,142.70
0.3242,142.70
0.3247,142.70
0.3250,142.70
0.3253,142.70
0.3258,142.70
0.3261,142.70
0.3264,142.70
0.3267,142.70
0.3272,142.81
0.3275,142.81
0.3278,142.81
0.3283,142.81
0.3286,142.81
0.3289,142.81
0.3292,142.81
0.3297,142.81
0.3300,142.81
0.3303,142.81
0.3308,142.92
0.3311,142.81
0.3314,142.92
0.3317,142.92
0.3322,142.92
0.3325,142.92
0.3328,142.92
0.3333,142.92
0.3336,142.92
0.3339,142.92
0.3342,142.92
0.3347,143.04
0.3350,143.04
0.3353,143.04
0.3356,143.04
0.3361,143.04
0.3364,143.04
0.3367,143.04
0.3372,143.04
0.3375,143.04
0.3378,143.04
0.3381,143.04
0.3386,143.04
0.3389,143.15
0.3392,143.15
0.3397,143.04
0.3400,143.15
0.3403,143.15
0.3406,143.15
0.3411,143.15
0.3414,143.15
0.3417,143.15
0.3422,143.15
0.3425,143.15
0.3428,143.15
0.3431,143.15
0.3436,143.15
0.3439,143.15
0.3442,143.15
0.3447,143.15
0.3450,143.26
0.3453,143.26
0.3456,143.26
0.3461,143.26
0.3464,143.26
0.3467,143.26
0.3472,143.26
0.3475,143.26
0.3478,143.26
0.3481,143.26
0.3486,143.38
0.3489,143.38
0.3492,143.38
0.3497,143.38
0.3500,143.38
0.3503,143.38
0.3506,143.38
0.3511,143.38
0.3514,143.38
0.3517,143.38
0.3522,143.38
0.3525,143.49
0.3528,143.49
0.3531,143.38
0.3536,143.49
0.3539,143.49
0.3542,143.49
0.3547,143.49
0.3550,143.49
0.3553,143.49
0.3556,143.49
0.3561,143.49
0.3564,143.49
0.3567,143.60
0.3572,143.60
0.3575,143.60
0.3578,143.60
0.3581,143.60
0.3586,143.60
0.3589,143.60
0.3592,143.71
0.3597,143.71
0.3600,143.71
0.3603,143.71
0.3606,143.71
0.3611,143.71
0.3614,143.71
0.3617,143.71
0.3622,143.71
0.3625,143.71
0.3628,143.71
0.3631,143.71
0.3636,143.71
0.3639,143.71
0.3642,143.71
0.3647,143.83
0.3650,143.83
0.3653,143.83
0.3656,143.83
0.3661,143.83
0.3664,143.83
0.3667,143.83
0.3672,143.83
0.3675,143.83
0.3678,143.83
0.3681,143.83
0.3686,143.94
0.3689,143.83
0.3692,143.94
0.3697,143.94
0.3700,143.94
0.3703,143.94
0.3706,143.83
0.3711,143.94
0.3714,143.94
0.3717,143.94
0.3722,143.94
0.3725,143.94
0.3728,144.05
0.3731,144.05
0.3736,144.05
0.3739,144.05
0.3742,144.05
0.3747,144.05
0.3750,144.05
0.3753,144.05
0.3756,144.05
0.3761,144.05
0.3764,144.05
0.3767,144.05
0.3772,144.16
0.3775,144.05
0.3778,144.16
0.3781,144.05
0.3786,144.16
0.3789,144.16
0.3792,144.16
0.3797,144.16
0.3800,144.16
0.3803,144.16
0.3806,144.16
0.3811,144.16
0.3814,144.16
0.3817,144.16
0.3822,144.27
0.3825,144.16
0.3828,144.27
0.3831,144.27
0.3836,144.16
0.3839,144.27
0.3842,144.27
0.3847,144.27
0.3850,144.27
0.3853,144.27
0.3856,144.27
0.3861,144.27
0.3864,144.39
0.3867,144.39
0.3872,144.39
0.3875,144.39
0.3878,144.39
0.3881,144.39
0.3886,144.39
0.3889,144.39
0.3892,144.39
0.3897,144.39
0.3900,144.39
0.3903,144.50
0.3906,144.39
0.3911,144.39
0.3914,144.50
0.3917,144.39
0.3922,144.50
0.3925,144.50
0.3928,144.50
0.3931,144.50
0.3936,144.50
0.3939,144.50
0.3942,144.50
0.3947,144.50
0.3950,144.61
0.3953,144.61
0.3956,144.61
0.3961,144.61
0.3964,144.61
0.3967,144.61
0.3972,144.61
0.3975,144.61
0.3978,144.61
0.3981,144.61
0.3986,144.61
0.3989,144.61
0.3992,144.73
0.3997,144.73
0.4000,144.73
0.4003,144.73
0.4006,144.73
0.4011,144.73
0.4014,144.73
0.4017,144.73
0.4022,144.73
0.4025,144.73
0.4028,144.73
0.4031,144.84
0.4036,144.73
0.4039,144.84
0.4042,144.84
0.4047,144.84
0.4050,144.84
0.4053,144.84
0.4056,144.84
0.4061,144.84
0.4064,144.84
0.4067,144.95
0.4072,144.84
0.4075,144.95
0.4078,144.95
0.4081,144.95
0.4086,144.95
0.4089,144.95
0.4092,144.95
0.4097,144.95
0.4100,144.95
0.4103,144.95
0.4106,144.95
0.4111,144.95
0.4114,144.95
0.4117,144.95
0.4122,144.95
0.4125,144.95
0.4128,144.95
0.4131,145.06
0.4136,144.95
0.4139,145.06
0.4142,145.06
0.4144,145.06
0.4150,145.06
0.4153,145.06
0.4156,145.06
0.4161,145.06
0.4164,145.06
0.4167,145.06
0.4169,145.17
0.4175,145.06
0.4178,145.17
0.4181,145.17
0.4186,145.17
0.4189,145.17
0.4192,145.17
0.4194,145.17
0.4200,145.17
0.4203,145.17
0.4206,145.17
0.4211,145.17
0.4214,145.29
0.4217,145.29
0.4219,145.29
0.4225,145.29
0.4228,145.29
0.4231,145.29
0.4236,145.29
0.4239,145.29
0.4242,145.29
0.4244,145.29
0.4250,145.29
0.4253,145.40
0.4256,145.40
0.4261,145.40
0.4264,145.40
0.4267,145.40
0.4269,145.40
0.4275,145.40
0.4278,145.40
0.4281,145.40
0.4286,145.40
0.4289,145.51
0.4292,145.51
0.4294,145.51
0.4300,145.51
0.4303,145.51
0.4306,145.51
0.4311,145.51
0.4314,145.51
0.4317,145.51
0.4319,145.51
0.4325,145.51
0.4328,145.51
0.4331,145.63
0.4336,145.51
0.4339,145.63
0.4342,145.63
0.4344,145.63
0.4350,145.63
0.4353,145.63
0.4356,145.63
0.4361,145.63
0.4364,145.63
0.4367,145.63
0.4369,145.74
0.4375,145.74
0.4378,145.74
0.4381,145.74
0.4386,145.74
0.4389,145.74
0.4392,145.74
0.4394,145.74
0.4400,145.74
0.4403,145.74
0.4406,145.74
0.4411,145.85
0.4414,145.85
0.4417,145.85
0.4419,145.85
0.4425,145.85
0.4428,145.85
0.4431,145.85
0.4436,145.85
0.4439,145.85
0.4442,145.85
0.4444,145.85
0.4450,145.96
0.4453,145.96
0.4456,145.96
0.4461,145.96
0.4464,145.96
0.4467,145.96
0.4469,145.96
0.4475,146.08
0.4478,145.96
0.4481,146.08
0.4486,146.08
0.4489,146.08
0.4492,146.08
0.4494,146.08
0.4500,146.08
0.4503,146.08
0.4506,146.08
0.4511,146.08
0.4514,146.19
0.4517,146.08
0.4519,146.19
0.4525,146.19
0.4528,146.19
0.4531,146.19
0.4536,146.19
0.4539,146.19
0.4542,146.19
0.4544,146.19
0.4550,146.19
0.4553,146.30
0.4556,146.30
0.4561,146.30
0.4564,146.30
0.4567,146.30
0.4569,146.30
0.4575,146.30
0.4578,146.30
0.4581,146.30
0.4586,146.30
0.4589,146.30
0.4592,146.41
0.4594,146.41
0.4600,146.41
0.4603,146.41
0.4606,146.41
0.4611,146.41
0.4614,146.41
0.4617,146.41
0.4619,146.41
0.4625,146.41
0.4628,146.41
0.4631,146.41
0.4636,146.41
0.4639,146.41
0.4642,146.41
0.4644,146.41
0.4650,146.41
0.4653,146.41
0.4656,146.41
0.4661,146.41
0.4664,146.41
0.4667,146.41
0.4669,146.52
0.4675,146.41
0.4678,146.41
0.4681,146.52
0.4686,146.52
0.4689,146.52
0.4692,146.52
0.4694,146.52
0.4700,146.52
0.4703,146.52
0.4706,146.52
0.4711,146.52
0.4714,146.52
0.4717,146.52
0.4719,146.64
0.4725,146.64
0.4728,146.64
0.4731,146.64
0.4736,146.64
0.4739,146.64
0.4742,146.64
0.4744,146.64
0.4750,146.64
0.4753,146.64
0.4756,146.64
0.4761,146.64
0.4764,146.64
0.4767,146.64
0.4769,146.75
0.4775,146.64
0.4778,146.75
0.4781,146.64
0.4786,146.75
0.4789,146.75
0.4792,146.75
0.4794,146.75
0.4800,146.75
0.4803,146.75
0.4806,146.75
0.4811,146.75
0.4814,146.75
0.4817,146.75
0.4819,146.75
0.4825,146.75
0.4828,146.86
0.4831,146.86
0.4836,146.86
0.4839,146.86
0.4842,146.86
0.4844,146.86
0.4850,146.86
0.4853,146.86
0.4856,146.86
0.4861,146.98
0.4864,146.86
0.4867,146.86
0.4869,146.86
0.4875,146.86
0.4878,146.98
0.4881,146.98
0.4886,146.98
0.4889,146.98
0.4892,146.98
0.4894,146.98
0.4900,146.98
0.4903,146.98
0.4906,146.98
0.4911,146.98
0.4914,146.98
0.4917,146.98
0.4919,147.09
0.4925,147.09
0.4928,147.09
0.4931,147.09
0.4936,147.09
0.4939,147.09
0.4942,147.09
0.4944,147.09
0.4950,147.09
0.4953,147.09
0.4956,147.09
0.4958,147.09
0.4964,147.09
0.4967,147.09
0.4969,147.09
0.4975,147.09
0.4978,147.20
0.4981,147.20
0.4983,147.20
0.4989,147.20
0.4992,147.20
0.4994,147.20
0.5000,147.20
0.5003,147.20
0.5006,147.20
0.5008,147.20
0.5014,147.20
0.5017,147.20
0.5019,147.31
0.5025,147.31
0.5028,147.31
0.5031,147.31
0.5033,147.31
0.5039,147.31
0.5042,147.31
0.5044,147.31
0.5050,147.31
0.5053,147.31
0.5056,147.42
0.5058,147.42
0.5064,147.42
0.5067,147.42
0.5069,147.42
0.5075,147.42
0.5078,147.42
0.5081,147.42
0.5083,147.42
0.5089,147.42
0.5092,147.42
0.5094,147.54
0.5100,147.54
0.5103,147.54
0.5106,147.54
0.5108,147.54
0.5114,147.54
0.5117,147.54
0.5119,147.54
0.5125,147.54
0.5128,147.54
0.5131,147.54
0.5133,147.54
0.5139,147.65
0.5142,147.54
0.5144,147.54
0.5150,147.65
0.5153,147.65
0.5156,147.65
0.5158,147.65
0.5164,147.65
0.5167,147.65
0.5169,147.65
0.5175,147.65
0.5178,147.65
0.5181,147.76
0.5183,147.65
0.5189,147.65
0.5192,147.65
0.5194,147.76
0.5200,147.76
0.5203,147.76
0.5206,147.65
0.5208,147.76
0.5214,147.76
0.5217,147.76
0.5219,147.76
0.5225,147.76
0.5228,147.76
0.5231,147.76
0.5233,147.76
0.5239,147.76
0.5242,147.88
0.5244,147.88
0.5250,147.88
0.5253,147.88
0.5256,147.88
0.5258,147.88
0.5264,147.88
0.5267,147.88
0.5269,147.88
0.5275,147.88
0.5278,147.88
0.5281,147.99
0.5283,147.99
0.5289,147.99
0.5292,147.99
0.5294,147.99
0.5300,147.99
0.5303,147.99
0.5306,147.99
0.5308,147.99
0.5314,147.99
0.5317,147.99
0.5319,147.99
0.5325,147.99
0.5328,147.99
0.5331,148.10
0.5333,148.10
0.5339,148.10
0.5342,148.10
0.5344,148.10
0.5350,148.10
0.5353,148.10
0.5356,148.10
0.5358,148.10
0.5364,148.10
0.5367,148.10
0.5369,148.10
0.5375,148.10
0.5378,148.21
0.5381,148.21
0.5383,148.21
0.5389,148.10
0.5392,148.21
0.5394,148.21
0.5400,148.21
0.5403,148.21
0.5406,148.21
0.5408,148.21
0.5414,148.21
0.5417,148.21
0.5419,148.21
0.5425,148.33
0.5428,148.33
0.5431,148.33
0.5433,148.33
0.5439,148.21
0.5442,148.33
0.5444,148.33
0.5450,148.33
0.5453,148.33
0.5456,148.33
0.5458,148.33
0.5464,148.33
0.5467,148.33
0.5469,148.33
0.5475,148.33
0.5478,148.33
0.5481,148.33
0.5483,148.33
0.5489,148.44
0.5492,148.44
0.5494,148.44
0.5500,148.44
0.5503,148.44
0.5506,148.44
0.5508,148.33
0.5514,148.44
0.5517,148.44
0.5519,148.44
0.5525,148.44
0.5528,148.44
0.5531,148.44
0.5533,148.44
0.5539,148.55
0.5542,148.55
0.5544,148.55
0.5550,148.55
0.5553,148.55
0.5556,148.55
0.5558,148.55
0.5564,148.55
0.5567,148.55
0.5569,148.55
0.5575,148.55
0.5578,148.55
0.5581,148.55
0.5583,148.55
0.5589,148.55
0.5592,148.55
0.5594,148.66
0.5600,148.66
0.5603,148.66
0.5606,148.66
0.5608,148.66
0.5614,148.66
0.5617,148.66
0.5619,148.66
0.5625,148.66
0.5628,148.77
0.5631,148.66
0.5633,148.77
0.5639,148.77
0.5642,148.77
0.5644,148.77
0.5650,148.77
0.5653,148.66
0.5656,148.77
0.5658,148.77
0.5664,148.77
0.5667,148.77
0.5669,148.77
0.5675,148.77
0.5678,148.77
0.5681,148.77
0.5683,148.77
0.5689,148.77
0.5692,148.77
0.5694,148.77
0.5700,148.89
0.5703,148.89
0.5706,148.89
0.5708,148.89
0.5714,148.89
0.5717,148.89
0.5719,148.89
0.5725,148.89
0.5728,148.89
0.5731,148.89
0.5733,148.89
0.5739,148.89
0.5742,149.00
0.5744,149.00
0.5747,149.00
0.5753,149.00
0.5756,149.00
0.5758,149.00
0.5764,149.00
0.5767,149.00
0.5769,149.00
0.5772,149.00
0.5778,149.00
0.5781,149.00
0.5783,149.00
0.5789,149.00
0.5792,149.00
0.5794,149.00
0.5797,149.00
0.5803,149.11
0.5806,149.11
0.5808,149.11
0.5814,149.11
0.5817,149.11
0.5819,149.11
0.5822,149.11
0.5828,149.11
0.5831,149.11
0.5833,149.11
0.5839,149.11
0.5842,149.23
0.5844,149.23
0.5847,149.23
0.5853,149.23
0.5856,149.23
0.5858,149.23
0.5864,149.23
0.5867,149.23
0.5869,149.23
0.5872,149.23
0.5878,149.34
0.5881,149.34
0.5883,149.34
0.5889,149.34
0.5892,149.34
0.5894,149.34
0.5897,149.34
0.5903,149.34
0.5906,149.34
0.5908,149.34
0.5914,149.34
0.5917,149.34
0.5919,149.34
0.5922,149.34
0.5928,149.34
0.5931,149.45
0.5933,149.34
0.5939,149.45
0.5942,149.45
0.5944,149.34
0.5947,149.45
0.5953,149.45
0.5956,149.34
0.5958,149.45
0.5964,149.45
0.5967,149.45
0.5969,149.45
0.5972,149.45
0.5978,149.45
0.5981,149.45
0.5983,149.45
0.5989,149.45
0.5992,149.45
0.5994,149.56
0.5997,149.45
0.6003,149.56
0.6006,149.56
0.6008,149.56
0.6014,149.56
0.6017,149.56
0.6019,149.56
0.6022,149.56
0.6028,149.56
0.6031,149.56
0.6033,149.56
0.6039,149.56
0.6042,149.56
0.6044,149.67
0.6047,149.56
0.6053,149.67
0.6056,149.67
0.6058,149.56
0.6064,149.56
0.6067,149.67
0.6069,149.67
0.6072,149.67
0.6078,149.67
0.6081,149.67
0.6083,149.67
0.6089,149.67
0.6092,149.67
0.6094,149.67
0.6097,149.67
0.6103,149.67
0.6106,149.67
0.6108,149.67
0.6114,149.67
0.6117,149.79
0.6119,149.67
0.6122,149.79
0.6128,149.79
0.6131,149.79
0.6133,149.79
0.6139,149.79
0.6142,149.79
0.6144,149.79
0.6147,149.79
0.6153,149.79
0.6156,149.79
0.6158,149.79
0.6164,149.90
0.6167,149.90
0.6169,149.90
0.6172,149.90
0.6178,149.90
0.6181,149.90
0.6183,149.90
0.6189,149.90
0.6192,149.90
0.6194,149.90
0.6197,149.90
0.6203,149.90
0.6206,150.01
0.6208,149.90
0.6214,150.01
0.6217,150.01
0.6219,150.01
0.6222,150.01
0.6228,150.01
0.6231,150.01
0.6233,150.01
0.6239,150.01
0.6242,150.01
0.6244,150.01
0.6247,150.01
0.6253,150.01
0.6256,150.01
0.6258,150.01
0.6264,150.01
0.6267,150.01
0.6269,150.13
0.6272,150.13
0.6278,150.13
0.6281,150.13
0.6283,150.13
0.6289,150.13
0.6292,150.13
0.6294,150.13
0.6297,150.13
0.6303,150.13
0.6306,150.13
0.6308,150.13
0.6314,150.13
0.6317,150.13
0.6319,150.13
0.6322,150.24
0.6328,150.13
0.6331,150.13
0.6333,150.24
0.6339,150.13
0.6342,150.24
0.6344,150.13
0.6347,150.24
0.6353,150.24
0.6356,150.24
0.6358,150.24
0.6364,150.24
0.6367,150.24
0.6369,150.24
0.6372,150.24
0.6378,150.24
0.6381,150.24
0.6383,150.24
0.6389,150.24
0.6392,150.35
0.6394,150.24
0.6397,150.35
0.6403,150.35
0.6406,150.35
0.6408,150.35
0.6414,150.35
0.6417,150.35
0.6419,150.46
0.6422,150.35
0.6428,150.35
0.6431,150.35
0.6433,150.35
0.6439,150.35
0.6442,150.35
0.6444,150.35
0.6447,150.46
0.6453,150.46
0.6456,150.46
0.6458,150.35
0.6464,150.46
0.6467,150.46
0.6469,150.46
0.6472,150.46
0.6478,150.46
0.6481,150.46
0.6483,150.46
0.6489,150.46
0.6492,150.46
0.6494,150.46
0.6497,150.46
0.6503,150.58
0.6506,150.46
0.6508,150.58
0.6514,150.46
0.6517,150.58
0.6519,150.46
0.6522,150.58
0.6528,150.58
0.6531,150.58
0.6533,150.58
0.6536,150.58
0.6542,150.58
0.6544,150.58
0.6547,150.58
0.6553,150.58
0.6556,150.58
0.6558,150.58
0.6561,150.58
0.6567,150.69
0.6569,150.69
0.6572,150.69
0.6578,150.58
0.6581,150.69
0.6583,150.69
0.6586,150.69
0.6592,150.69
0.6594,150.69
0.6597,150.69
0.6603,150.69
0.6606,150.69
0.6608,150.69
0.6611,150.69
0.6617,150.80
0.6619,150.69
0.6622,150.80
0.6628,150.80
0.6631,150.80
0.6633,150.80
0.6636,150.80
0.6642,150.80
0.6644,150.80
0.6647,150.80
0.6653,150.80
0.6656,150.80
0.6658,150.80
0.6661,150.91
0.6667,150.80
0.6669,150.80
0.6672,150.91
0.6678,150.91
0.6681,150.80
0.6683,150.91
0.6686,150.91
0.6692,150.80
0.6694,150.80
0.6697,150.91
0.6703,150.91
0.6706,150.91
0.6708,150.91
0.6711,150.91
0.6717,150.91
0.6719,150.91
0.6722,150.91
0.6728,150.91
0.6731,150.91
0.6733,150.91
0.6736,150.91
0.6742,151.02
0.6744,150.91
0.6747,150.91
0.6753,151.02
0.6756,151.02
0.6758,151.02
0.6761,151.02
0.6767,151.02
0.6769,151.02
0.6772,151.02
0.6778,151.02
0.6781,151.02
0.6783,151.02
0.6786,151.14
0.6792,151.14
0.6794,151.02
0.6797,151.02
0.6803,151.14
0.6806,151.14
0.6808,151.02
0.6811,151.14
0.6817,151.14
0.6819,151.14
0.6822,151.14
0.6828,151.14
0.6831,151.14
0.6833,151.14
0.6836,151.14
0.6842,151.14
0.6844,151.14
0.6847,151.25
0.6853,151.25
0.6856,151.25
0.6858,151.25
0.6861,151.25
0.6867,151.25
0.6869,151.25
0.6872,151.25
0.6878,151.25
0.6881,151.25
0.6883,151.25
0.6886,151.25
0.6892,151.36
0.6894,151.36
0.6897,151.36
0.6903,151.36
0.6906,151.36
0.6908,151.36
0.6911,151.36
0.6917,151.36
0.6919,151.36
0.6922,151.36
0.6928,151.36
0.6931,151.36
0.6933,151.36
0.6936,151.48
0.6942,151.36
0.6944,151.48
0.6947,151.48
0.6953,151.36
0.6956,151.48
0.6958,151.36
0.6961,151.48
0.6967,151.48
0.6969,151.36
0.6972,151.36
0.6978,151.48
0.6981,151.48
0.6983,151.48
0.6986,151.48
0.6992,151.48
0.6994,151.48
0.6997,151.48
0.7003,151.48
0.7006,151.48
0.7008,151.48
0.7011,151.48
0.7017,151.48
0.7019,151.59
0.7022,151.48
0.7028,151.48
0.7031,151.59
0.7033,151.59
0.7036,151.59
0.7042,151.48
0.7044,151.48
0.7047,151.59
0.7053,151.59
0.7056,151.59
0.7058,151.59
0.7061,151.59
0.7067,151.59
0.7069,151.59
0.7072,151.59
0.7078,151.59
0.7081,151.59
0.7083,151.59
0.7086,151.59
0.7092,151.59
0.7094,151.70
0.7097,151.70
0.7103,151.70
0.7106,151.70
0.7108,151.70
0.7111,151.70
0.7117,151.70
0.7119,151.70
0.7122,151.70
0.7128,151.70
0.7131,151.70
0.7133,151.70
0.7136,151.70
0.7142,151.70
0.7144,151.81
0.7147,151.81
0.7153,151.81
0.7156,151.81
0.7158,151.81
0.7161,151.81
0.7167,151.81
0.7169,151.81
0.7172,151.81
0.7178,151.81
0.7181,151.81
0.7183,151.81
0.7186,151.81
0.7192,151.81
0.7194,151.81
0.7197,151.81
0.7203,151.81
0.7206,151.81
0.7208,151.92
0.7211,151.81
0.7217,151.81
0.7219,151.81
0.7222,151.81
0.7228,151.92
0.7231,151.81
0.7233,151.92
0.7236,151.92
0.7242,151.81
0.7244,151.92
0.7247,151.92
0.7253,151.92
0.7256,151.92
0.7258,151.92
0.7261,151.92
0.7267,152.04
0.7269,151.92
0.7272,151.92
0.7278,151.92
0.7281,152.04
0.7283,151.92
0.7286,152.04
0.7292,152.04
0.7294,152.04
0.7297,152.04
0.7303,152.04
0.7306,152.04
0.7308,152.04
0.7311,152.04
0.7317,152.04
0.7319,152.04
0.7322,152.04
0.7325,152.04
0.7331,152.04
0.7333,152.15
0.7336,152.15
0.7342,152.15
0.7344,152.15
0.7347,152.15
0.7350,152.15
0.7356,152.15
0.7358,152.15
0.7361,152.15
0.7367,152.15
0.7369,152.15
0.7372,152.15
0.7375,152.15
0.7381,152.15
0.7383,152.26
0.7386,152.26
0.7392,152.26
0.7394,152.26
0.7397,152.26
0.7400,152.26
0.7406,152.26
0.7408,152.26
0.7411,152.26
0.7417,152.26
0.7419,152.26
0.7422,152.26
0.7425,152.38
0.7431,152.38
0.7433,152.38
0.7436,152.38
0.7442,152.38
0.7444,152.38
0.7447,152.38
0.7450,152.38
0.7456,152.38
0.7458,152.49
0.7461,152.38
0.7467,152.38
0.7469,152.38
0.7472,152.38
0.7475,152.49
0.7481,152.38
0.7483,152.49
0.7486,152.38
0.7492,152.49
0.7494,152.49
0.7497,152.49
0.7500,152.49
0.7506,152.49
0.7508,152.49
0.7511,152.49
0.7517,152.49
0.7519,152.49
0.7522,152.49
0.7525,152.49
0.7531,152.49
0.7533,152.49
0.7536,152.49
0.7542,152.60
0.7544,152.60
0.7547,152.60
0.7550,152.49
0.7556,152.60
0.7558,152.60
0.7561,152.60
0.7567,152.60
0.7569,152.60
0.7572,152.60
0.7575,152.60
0.7581,152.60
0.7583,152.60
0.7586,152.60
0.7592,152.60
0.7594,152.60
0.7597,152.71
0.7600,152.71
0.7606,152.71
0.7608,152.71
0.7611,152.71
0.7617,152.71
0.7619,152.71
0.7622,152.71
0.7625,152.71
0.7631,152.71
0.7633,152.71
0.7636,152.71
0.7642,152.71
0.7644,152.71
0.7647,152.71
0.7650,152.71
0.7656,152.71
0.7658,152.71
0.7661,152.71
0.7667,152.71
0.7669,152.71
0.7672,152.71
0.7675,152.83
0.7681,152.71
0.7683,152.83
0.7686,152.83
0.7692,152.83
0.7694,152.83
0.7697,152.83
0.7700,152.83
0.7706,152.83
0.7708,152.83
0.7711,152.94
0.7717,152.83
0.7719,152.83
0.7722,152.94
0.7725,152.94
0.7731,152.94
0.7733,152.94
0.7736,152.94
0.7742,152.94
0.7744,152.94
0.7747,152.94
0.7750,152.83
0.7756,152.94
0.7758,152.94
0.7761,152.94
0.7767,152.94
0.7769,152.94
0.7772,152.83
0.7775,152.94
0.7781,152.94
0.7783,152.94
0.7786,152.94
0.7792,152.94
0.7794,152.94
0.7797,152.94
0.7800,152.94
0.7806,152.94
0.7808,152.94
0.7811,152.94
0.7817,152.94
0.7819,152.94
0.7822,152.94
0.7825,152.94
0.7831,153.05
0.7833,153.05
0.7836,153.05
0.7842,152.94
0.7844,153.05
0.7847,152.94
0.7850,153.05
0.7856,153.05
0.7858,153.05
0.7861,153.05
0.7867,153.05
0.7869,153.05
0.7872,153.05
0.7875,153.05
0.7881,153.05
0.7883,153.05
0.7886,153.05
0.7892,153.16
0.7894,153.16
0.7897,153.16
0.7900,153.16
0.7906,153.16
0.7908,153.16
0.7911,153.16
0.7917,153.16
0.7919,153.16
0.7922,153.16
0.7925,153.16
0.7931,153.27
0.7933,153.16
0.7936,153.27
0.7942,153.27
0.7944,153.16
0.7947,153.27
0.7950,153.27
0.7956,153.27
0.7958,153.27
0.7961,153.27
0.7967,153.16
0.7969,153.27
0.7972,153.27
0.7975,153.27
0.7981,153.27
0.7983,153.27
0.7986,153.39
0.7992,153.27
0.7994,153.39
0.7997,153.39
0.8000,153.27
0.8006,153.27
0.8008,153.39
0.8011,153.27
0.8017,153.27
0.8019,153.27
0.8022,153.39
0.8025,153.39
0.8031,153.39
0.8033,153.39
0.8036,153.39
0.8042,153.39
0.8044,153.39
0.8047,153.39
0.8050,153.39
0.8056,153.39
0.8058,153.39
0.8061,153.39
0.8067,153.39
0.8069,153.39
0.8072,153.39
0.8075,153.39
0.8081,153.39
0.8083,153.50
0.8086,153.50
0.8092,153.39
0.8094,153.50
0.8097,153.50
0.8100,153.50
0.8106,153.50
0.8108,153.50
0.8111,153.50
0.8117,153.50
0.8119,153.50
0.8122,153.50
0.8125,153.50
0.8131,153.50
0.8133,153.61
0.8136,153.50
0.8139,153.61
0.8144,153.61
0.8147,153.50
0.8150,153.61
0.8156,153.61
0.8158,153.61
0.8161,153.61
0.8164,153.61
0.8169,153.61
0.8172,153.61
0.8175,153.61
0.8181,153.61
0.8183,153.61
0.8186,153.61
0.8189,153.61
0.8194,153.73
0.8197,153.61
0.8200,153.61
0.8206,153.61
0.8208,153.73
0.8211,153.73
0.8214,153.73
0.8219,153.73
0.8222,153.73
0.8225,153.73
0.8231,153.73
0.8233,153.73
0.8236,153.73
0.8239,153.73
0.8244,153.84
0.8247,153.84
0.8250,153.84
0.8256,153.84
0.8258,153.84
0.8261,153.73
0.8264,153.84
0.8269,153.84
0.8272,153.84
0.8275,153.84
0.8281,153.84
0.8283,153.84
0.8286,153.84
0.8289,153.84
0.8294,153.84
0.8297,153.84
0.8300,153.84
0.8306,153.84
0.8308,153.84
0.8311,153.84
0.8314,153.84
0.8319,153.84
0.8322,153.84
0.8325,153.95
0.8331,153.95
0.8333,153.95
0.8336,153.95
0.8339,153.95
0.8344,153.95
0.8347,153.95
0.8350,153.95
0.8356,153.95
0.8358,153.95
0.8361,153.95
0.8364,153.95
0.8369,153.95
0.8372,153.95
0.8375,154.06
0.8381,154.06
0.8383,154.06
0.8386,154.06
0.8389,154.06
0.8394,154.06
0.8397,154.06
0.8400,154.06
0.8406,154.06
0.8408,154.06
0.8411,154.06
0.8414,154.06
0.8419,154.17
0.8422,154.06
0.8425,154.17
0.8431,154.17
0.8433,154.17
0.8436,154.17
0.8439,154.17
0.8444,154.17
0.8447,154.17
0.8450,154.17
0.8456,154.17
0.8458,154.29
0.8461,154.29
0.8464,154.29
0.8469,154.29
0.8472,154.29
0.8475,154.29
0.8481,154.29
0.8483,154.29
0.8486,154.29
0.8489,154.29
0.8494,154.29
0.8497,154.29
0.8500,154.29
0.8506,154.40
0.8508,154.29
0.8511,154.29
0.8514,154.29
0.8519,154.29
0.8522,154.29
0.8525,154.40
0.8531,154.40
0.8533,154.40
0.8536,154.40
0.8539,154.40
0.8544,154.40
0.8547,154.40
0.8550,154.40
0.8556,154.40
0.8558,154.40
0.8561,154.40
0.8564,154.40
0.8569,154.40
0.8572,154.40
0.8575,154.40
0.8581,154.51
0.8583,154.51
0.8586,154.51
0.8589,154.51
0.8594,154.51
0.8597,154.51
0.8600,154.51
0.8606,154.51
0.8608,154.51
0.8611,154.51
0.8614,154.51
0.8619,154.51
0.8622,154.51
0.8625,154.63
0.8631,154.51
0.8633,154.51
0.8636,154.63
0.8639,154.51
0.8644,154.63
0.8647,154.63
0.8650,154.51
0.8656,154.63
0.8658,154.63
0.8661,154.63
0.8664,154.63
0.8669,154.63
0.8672,154.63
0.8675,154.63
0.8681,154.63
0.8683,154.63
0.8686,154.63
0.8689,154.74
0.8694,154.74
0.8697,154.63
0.8700,154.74
0.8706,154.74
0.8708,154.74
0.8711,154.74
0.8714,154.74
0.8719,154.74
0.8722,154.74
0.8725,154.74
0.8731,154.74
0.8733,154.74
0.8736,154.85
0.8739,154.85
0.8744,154.74
0.8747,154.85
0.8750,154.85
0.8756,154.85
0.8758,154.85
0.8761,154.85
0.8764,154.85
0.8769,154.85
0.8772,154.85
0.8775,154.85
0.8781,154.85
0.8783,154.85
0.8786,154.85
0.8789,154.85
0.8794,154.85
0.8797,154.85
0.8800,154.85
0.8806,154.85
0.8808,154.85
0.8811,154.85
0.8814,154.85
0.8819,154.85
0.8822,154.96
0.8825,154.96
0.8831,154.96
0.8833,154.96
0.8836,154.96
0.8839,154.96
0.8844,154.96
0.8847,154.96
0.8850,154.96
0.8856,154.96
0.8858,154.96
0.8861,154.96
0.8864,154.96
0.8869,155.08
0.8872,154.96
0.8875,155.08
0.8881,155.08
0.8883,155.08
0.8886,155.08
0.8889,155.08
0.8894,155.08
0.8897,155.08
0.8900,155.08
0.8906,155.08
0.8908,155.08
0.8911,155.08
0.8914,155.08
0.8919,155.08
0.8922,155.08
0.8925,155.19
0.8928,155.19
0.8933,155.19
0.8936,155.19
0.8939,155.08
0.8944,155.08
0.8947,155.19
0.8950,155.19
0.8953,155.19
0.8958,155.19
0.8961,155.19
0.8964,155.19
0.8969,155.19
0.8972,155.19
0.8975,155.19
0.8978,155.19
0.8983,155.19
0.8986,155.19
0.8989,155.19
0.8994,155.19
0.8997,155.19
0.9000,155.19
0.9003,155.19
0.9008,155.19
0.9011,155.19
0.9014,155.30
0.9019,155.30
0.9022,155.30
0.9025,155.30
0.9028,155.30
0.9033,155.30
0.9036,155.30
0.9039,155.30
0.9044,155.30
0.9047,155.30
0.9050,155.30
0.9053,155.41
0.9058,155.30
0.9061,155.30
0.9064,155.41
0.9069,155.30
0.9072,155.41
0.9075,155.41
0.9078,155.41
0.9083,155.41
0.9086,155.41
0.9089,155.41
0.9094,155.41
0.9097,155.41
0.9100,155.41
0.9103,155.52
0.9108,155.52
0.9111,155.52
0.9114,155.41
0.9119,155.52
0.9122,155.52
0.9125,155.52
0.9128,155.41
0.9133,155.52
0.9136,155.52
0.9139,155.52
0.9144,155.52
0.9147,155.52
0.9150,155.52
0.9153,155.52
0.9158,155.52
0.9161,155.52
0.9164,155.52
0.9169,155.64
0.9172,155.64
0.9175,155.64
0.9178,155.64
0.9183,155.64
0.9186,155.64
0.9189,155.64
0.9194,155.64
0.9197,155.64
0.9200,155.64
0.9203,155.64
0.9208,155.64
0.9211,155.64
0.9214,155.64
0.9219,155.64
0.9222,155.64
0.9225,155.64
0.9228,155.64
0.9233,155.75
0.9236,155.75
0.9239,155.75
0.9244,155.75
0.9247,155.75
0.9250,155.75
0.9253,155.75
0.9258,155.75
0.9261,155.75
0.9264,155.75
0.9269,155.75
0.9272,155.75
0.9275,155.75
0.9278,155.75
0.9283,155.75
0.9286,155.75
0.9289,155.75
0.9294,155.75
0.9297,155.86
0.9300,155.75
0.9303,155.75
0.9308,155.86
0.9311,155.86
0.9314,155.75
0.9319,155.86
0.9322,155.86
0.9325,155.86
0.9328,155.86
0.9333,155.86
0.9336,155.86
0.9339,155.86
0.9344,155.86
0.9347,155.86
0.9350,155.86
0.9353,155.86
0.9358,155.86
0.9361,155.86
0.9364,155.86
0.9369,155.86
0.9372,155.86
0.9375,155.86
0.9378,155.86
0.9383,155.86
0.9386,155.86
0.9389,155.86
0.9394,155.86
0.9397,155.86
0.9400,155.86
0.9403,155.86
0.9408,155.98
0.9411,155.98
0.9414,155.86
0.9419,155.98
0.9422,155.98
0.9425,155.98
0.9428,155.98
0.9433,155.98
0.9436,155.98
0.9439,155.98
0.9444,155.98
0.9447,155.98
0.9450,155.98
0.9453,155.98
0.9458,156.09
0.9461,155.98
0.9464,156.09
0.9469,155.98
0.9472,156.09
0.9475,156.09
0.9478,156.09
0.9483,156.09
0.9486,156.09
0.9489,156.09
0.9494,156.20
0.9497,156.20
0.9500,156.09
0.9503,156.20
0.9508,156.20
0.9511,156.20
0.9514,156.20
0.9519,156.20
0.9522,156.20
0.9525,156.20
0.9528,156.20
0.9533,156.20
0.9536,156.20
0.9539,156.20
0.9544,156.20
0.9547,156.20
0.9550,156.20
0.9553,156.20
0.9558,156.31
0.9561,156.31
0.9564,156.31
0.9569,156.20
0.9572,156.31
0.9575,156.31
0.9578,156.31
0.9583,156.31
0.9586,156.31
0.9589,156.31
0.9594,156.31
0.9597,156.31
0.9600,156.31
0.9603,156.31
0.9608,156.31
0.9611,156.31
0.9614,156.31
0.9619,156.31
0.9622,156.31
0.9625,156.31
0.9628,156.31
0.9633,156.31
0.9636,156.31
0.9639,156.31
0.9644,156.31
0.9647,156.31
0.9650,156.31
0.9653,156.31
0.9658,156.31
0.9661,156.31
0.9664,156.31
0.9669,156.31
0.9672,156.31
0.9675,156.31
0.9678,156.42
0.9683,156.31
0.9686,156.31
0.9689,156.42
0.9694,156.31
0.9697,156.42
0.9700,156.42
0.9703,156.42
0.9708,156.42
0.9711,156.42
0.9714,156.42
0.9717,156.42
0.9722,156.42
0.9725,156.42
0.9728,156.42
0.9733,156.42
0.9736,156.42
0.9739,156.42
0.9742,156.42
0.9747,156.42
0.9750,156.42
0.9753,156.42
0.9758,156.42
0.9761,156.42
0.9764,156.42
0.9767,156.54
0.9772,156.42
0.9775,156.42
0.9778,156.54
0.9783,156.54
0.9786,156.54
0.9789,156.54
0.9792,156.54
0.9797,156.54
0.9800,156.54
0.9803,156.54
0.9808,156.54
0.9811,156.54
0.9814,156.54
0.9817,156.54
0.9822,156.54
0.9825,156.54
0.9828,156.54
0.9833,156.54
0.9836,156.65
0.9839,156.65
0.9842,156.54
0.9847,156.65
0.9850,156.65
0.9853,156.65
0.9858,156.65
0.9861,156.65
0.9864,156.65
0.9867,156.65
0.9872,156.65
0.9875,156.65
0.9878,156.65
0.9883,156.65
0.9886,156.65
0.9889,156.65
0.9892,156.65
0.9897,156.65
0.9900,156.65
0.9903,156.65
0.9908,156.76
0.9911,156.65
0.9914,156.76
0.9917,156.76
0.9922,156.76
0.9925,156.76
0.9928,156.76
0.9933,156.76
0.9936,156.76
0.9939,156.76
0.9942,156.76
0.9947,156.76
0.9950,156.76
0.9953,156.76
0.9958,156.76
0.9961,156.76
0.9964,156.76
0.9967,156.76
0.9972,156.76
0.9975,156.76
0.9978,156.76
0.9983,156.76
0.9986,156.76
0.9989,156.76
0.9992,156.88
0.9997,156.88
1.0000,156.76
1.0003,156.88
1.0008,156.88
1.0011,156.88
1.0014,156.76
1.0017,156.88
1.0022,156.88
1.0025,156.88
1.0028,156.88
1.0033,156.88
1.0036,156.88
1.0039,156.88
1.0042,156.88
1.0047,156.88
1.0050,156.88
1.0053,156.88
1.0058,156.88
1.0061,156.88
1.0064,156.88
1.0067,156.88
1.0072,156.88
1.0075,156.99
1.0078,156.99
1.0083,156.99
1.0086,156.99
1.0089,156.99
1.0092,156.99
1.0097,156.99
1.0100,156.99
1.0103,157.10
1.0108,156.99
1.0111,157.10
1.0114,157.10
1.0117,157.10
1.0122,157.10
1.0125,157.10
1.0128,157.10
1.0133,157.10
1.0136,157.10
1.0139,157.10
1.0142,157.10
1.0147,157.10
1.0150,157.10
1.0153,157.10
1.0158,157.10
1.0161,157.10
1.0164,157.10
1.0167,157.10
1.0172,157.10
1.0175,157.10
1.0178,157.10
1.0183,157.10
1.0186,157.10
1.0189,157.21
1.0192,157.21
1.0197,157.21
1.0200,157.21
1.0203,157.21
1.0208,157.10
1.0211,157.21
1.0214,157.10
1.0217,157.10
1.0222,157.21
1.0225,157.21
1.0228,157.21
1.0233,157.21
1.0236,157.21
1.0239,157.21
1.0242,157.21
1.0247,157.21
1.0250,157.21
1.0253,157.21
1.0258,157.21
1.0261,157.21
1.0264,157.21
1.0267,157.21
1.0272,157.21
1.0275,157.21
1.0278,157.21
1.0283,157.21
1.0286,157.21
1.0289,157.33
1.0292,157.33
1.0297,157.33
1.0300,157.33
1.0303,157.33
1.0308,157.33
1.0311,157.33
1.0314,157.33
1.0317,157.33
1.0322,157.33
1.0325,157.33
1.0328,157.33
1.0333,157.33
1.0336,157.44
1.0339,157.33
1.0342,157.33
1.0347,157.44
1.0350,157.44
1.0353,157.44
1.0358,157.44
1.0361,157.44
1.0364,157.44
1.0367,157.44
1.0372,157.44
1.0375,157.44
1.0378,157.44
1.0383,157.44
1.0386,157.44
1.0389,157.44
1.0392,157.44
1.0397,157.44
1.0400,157.44
1.0403,157.44
1.0408,157.44
1.0411,157.44
1.0414,157.44
1.0417,157.55
1.0422,157.55
1.0425,157.55
1.0428,157.55
1.0433,157.55
1.0436,157.55
1.0439,157.55
1.0442,157.55
1.0447,157.55
1.0450,157.55
1.0453,157.55
1.0458,157.44
1.0461,157.55
1.0464,157.55
1.0467,157.55
1.0472,157.55
1.0475,157.44
1.0478,157.44
1.0483,157.44
1.0486,157.55
1.0489,157.55
1.0492,157.55
1.0497,157.55
1.0500,157.55
1.0503,157.55
1.0506,157.55
1.0511,157.55
1.0514,157.55
1.0517,157.55
1.0522,157.55
1.0525,157.55
1.0528,157.55
1.0531,157.66
1.0536,157.66
1.0539,157.55
1.0542,157.66
1.0547,157.66
1.0550,157.55
1.0553,157.66
1.0556,157.66
1.0561,157.66
1.0564,157.66
1.0567,157.66
1.0572,157.66
1.0575,157.66
1.0578,157.66
1.0581,157.66
1.0586,157.66
1.0589,157.66
1.0592,157.66
1.0597,157.66
1.0600,157.66
1.0603,157.66
1.0606,157.77
1.0611,157.77
1.0614,157.77
1.0617,157.77
1.0622,157.77
1.0625,157.77
1.0628,157.77
1.0631,157.77
1.0636,157.77
1.0639,157.77
1.0642,157.77
1.0647,157.77
1.0650,157.77
1.0653,157.77
1.0656,157.77
1.0661,157.89
1.0664,157.77
1.0667,157.77
1.0672,157.77
1.0675,157.89
1.0678,157.89
1.0681,157.89
1.0686,157.89
1.0689,157.77
1.0692,157.89
1.0697,157.89
1.0700,157.89
1.0703,157.89
1.0706,157.89
1.0711,157.89
1.0714,157.89
1.0717,157.89
1.0722,157.89
1.0725,157.89
1.0728,157.89
1.0731,157.89
1.0736,157.89
1.0739,157.89
1.0742,157.89
1.0747,157.89
1.0750,157.89
1.0753,157.89
1.0756,157.89
1.0761,157.89
1.0764,157.89
1.0767,158.00
1.0772,158.00
1.0775,158.00
1.0778,158.00
1.0781,158.00
1.0786,158.00
1.0789,158.00
1.0792,158.00
1.0797,158.00
1.0800,158.11
1.0803,158.00
1.0806,158.11
1.0811,158.11
1.0814,158.11
1.0817,158.11
1.0822,158.11
1.0825,158.11
1.0828,158.11
1.0831,158.11
1.0836,158.23
1.0839,158.11
1.0842,158.11
1.0847,158.23
1.0850,158.23
1.0853,158.23
1.0856,158.23
1.0861,158.23
1.0864,158.23
1.0867,158.23
1.0872,158.23
1.0875,158.23
1.0878,158.34
1.0881,158.23
1.0886,158.23
1.0889,158.23
1.0892,158.34
1.0897,158.23
1.0900,158.23
1.0903,158.34
1.0906,158.34
1.0911,158.23
1.0914,158.34
1.0917,158.34
1.0922,158.23
1.0925,158.23
1.0928,158.23
1.0931,158.34
1.0936,158.34
1.0939,158.34
1.0942,158.34
1.0947,158.34
1.0950,158.34
1.0953,158.34
1.0956,158.34
1.0961,158.34
1.0964,158.34
1.0967,158.34
1.0972,158.34
1.0975,158.34
1.0978,158.34
1.0981,158.34
1.0986,158.34
1.0989,158.34
1.0992,158.34
1.0997,158.34
1.1000,158.34
1.1003,158.34
1.1006,158.34
1.1011,158.34
1.1014,158.34
1.1017,158.34
1.1022,158.34
1.1025,158.34
1.1028,158.34
1.1031,158.34
1.1036,158.45
1.1039,158.45
1.1042,158.45
1.1047,158.45
1.1050,158.34
1.1053,158.45
1.1056,158.45
1.1061,158.45
1.1064,158.45
1.1067,158.45
1.1072,158.45
1.1075,158.56
1.1078,158.45
1.1081,158.45
1.1086,158.56
1.1089,158.56
1.1092,158.56
1.1097,158.45
1.1100,158.45
1.1103,158.56
1.1106,158.56
1.1111,158.56
1.1114,158.56
1.1117,158.56
1.1122,158.56
1.1125,158.56
1.1128,158.56
1.1131,158.56
1.1136,158.56
1.1139,158.56
1.1142,158.56
1.1147,158.67
1.1150,158.56
1.1153,158.56
1.1156,158.56
1.1161,158.56
1.1164,158.67
1.1167,158.56
1.1172,158.56
1.1175,158.56
1.1178,158.56
1.1181,158.67
1.1186,158.67
1.1189,158.67
1.1192,158.67
1.1197,158.67
1.1200,158.67
1.1203,158.67
1.1206,158.67
1.1211,158.67
1.1214,158.67
1.1217,158.67
1.1222,158.67
1.1225,158.67
1.1228,158.67
1.1231,158.67
1.1236,158.67
1.1239,158.67
1.1242,158.67
1.1247,158.67
1.1250,158.67
1.1253,158.67
1.1256,158.67
1.1261,158.67
1.1264,158.79
1.1267,158.79
1.1272,158.79
1.1275,158.79
1.1278,158.79
1.1281,158.79
1.1286,158.79
1.1289,158.79
1.1292,158.79
1.1297,158.79
1.1300,158.79
1.1303,158.79
1.1306,158.79
1.1311,158.79
1.1314,158.79
1.1317,158.79
1.1319,158.79
1.1325,158.79
1.1328,158.79
1.1331,158.79
1.1336,158.79
1.1339,158.79
1.1342,158.90
1.1344,158.90
1.1350,158.90
1.1353,158.90
1.1356,158.90
1.1361,158.90
1.1364,158.90
1.1367,158.90
1.1369,158.90
1.1375,158.90
1.1378,158.90
1.1381,158.90
1.1386,158.90
1.1389,158.90
1.1392,158.90
1.1394,158.90
1.1400,158.90
1.1403,158.90
1.1406,158.90
1.1411,158.90
1.1414,158.90
1.1417,158.90
1.1419,158.90
1.1425,158.90
1.1428,158.90
1.1431,158.90
1.1436,158.90
1.1439,158.90
1.1442,158.90
1.1444,158.90
1.1450,158.90
1.1453,158.90
1.1456,158.90
1.1461,158.90
1.1464,158.90
1.1467,158.90
1.1469,158.90
1.1475,159.01
1.1478,159.01
1.1481,159.01
1.1486,159.01
1.1489,159.01
1.1492,159.01
1.1494,159.01
1.1500,159.01
1.1503,159.01
1.1506,159.01
1.1511,159.01
1.1514,159.01
1.1517,159.01
1.1519,159.13
1.1525,159.01
1.1528,159.01
1.1531,159.01
1.1536,159.01
1.1539,159.01
1.1542,159.01
1.1544,159.13
1.1550,159.13
1.1553,159.13
1.1556,159.13
1.1561,159.13
1.1564,159.13
1.1567,159.13
1.1569,159.13
1.1575,159.13
1.1578,159.13
1.1581,159.13
1.1586,159.13
1.1589,159.13
1.1592,159.13
1.1594,159.13
1.1600,159.13
1.1603,159.13
1.1606,159.13
1.1611,159.13
1.1614,159.24
1.1617,159.13
1.1619,159.13
1.1625,159.24
1.1628,159.13
1.1631,159.24
1.1636,159.24
1.1639,159.24
1.1642,159.24
1.1644,159.13
1.1650,159.24
1.1653,159.24
1.1656,159.24
1.1661,159.24
1.1664,159.24
1.1667,159.24
1.1669,159.24
1.1675,159.24
1.1678,159.24
1.1681,159.24
1.1686,159.24
1.1689,159.24
1.1692,159.24
1.1694,159.24
1.1700,159.24
1.1703,159.24
1.1706,159.24
1.1711,159.24
1.1714,159.35
1.1717,159.35
1.1719,159.24
1.1725,159.35
1.1728,159.24
1.1731,159.35
1.1736,159.35
1.1739,159.35
1.1742,159.24
1.1744,159.35
1.1750,159.35
1.1753,159.35
1.1756,159.35
1.1761,159.35
1.1764,159.35
1.1767,159.35
1.1769,159.35
1.1775,159.35
1.1778,159.35
1.1781,159.35
1.1786,159.46
1.1789,159.35
1.1792,159.46
1.1794,159.46
1.1800,159.46
1.1803,159.46
1.1806,159.46
1.1811,159.46
1.1814,159.46
1.1817,159.46
1.1819,159.46
1.1825,159.46
1.1828,159.58
1.1831,159.58
1.1836,159.46
1.1839,159.46
1.1842,159.46
1.1844,159.46
1.1850,159.46
1.1853,159.46
1.1856,159.58
1.1861,159.58
1.1864,159.46
1.1867,159.46
1.1869,159.58
1.1875,159.58
1.1878,159.58
1.1881,159.58
1.1886,159.58
1.1889,159.46
1.1892,159.58
1.1894,159.58
1.1900,159.58
1.1903,159.58
1.1906,159.58
1.1911,159.58
1.1914,159.58
1.1917,159.58
1.1919,159.58
1.1925,159.46
1.1928,159.58
1.1931,159.58
1.1936,159.58
1.1939,159.58
1.1942,159.58
1.1944,159.58
1.1950,159.58
1.1953,159.58
1.1956,159.58
1.1961,159.58
1.1964,159.69
1.1967,159.58
1.1969,159.69
1.1975,159.69
1.1978,159.58
1.1981,159.69
1.1986,159.69
1.1989,159.69
1.1992,159.69
1.1994,159.69
1.2000,159.69
1.2003,159.69
1.2006,159.69
1.2011,159.69
1.2014,159.69
1.2017,159.69
1.2019,159.69
1.2025,159.69
1.2028,159.69
1.2031,159.69
1.2036,159.69
1.2039,159.69
1.2042,159.80
1.2044,159.69
1.2050,159.69
1.2053,159.80
1.2056,159.69
1.2061,159.80
1.2064,159.80
1.2067,159.80
1.2069,159.80
1.2075,159.80
1.2078,159.80
1.2081,159.80
1.2086,159.80
1.2089,159.80
1.2092,159.91
1.2094,159.80
1.2100,159.80
1.2103,159.91
1.2106,159.91
1.2108,159.91
1.2114,159.80
1.2117,159.91
1.2119,159.91
1.2125,159.91
1.2128,159.91
1.2131,159.91
1.2133,159.91
1.2139,159.91
1.2142,159.91
1.2144,159.91
1.2150,159.91
1.2153,159.91
1.2156,159.91
1.2158,159.91
1.2164,159.91
1.2167,159.91
1.2169,159.91
1.2175,159.91
1.2178,160.02
1.2181,160.02
1.2183,160.02
1.2189,160.02
1.2192,160.02
1.2194,160.02
1.2200,160.02
1.2203,160.02
1.2206,160.02
1.2208,160.02
1.2214,160.02
1.2217,160.02
1.2219,160.02
1.2225,160.02
1.2228,160.14
1.2231,160.02
1.2233,160.14
1.2239,160.14
1.2242,160.14
1.2244,160.02
1.2250,160.14
1.2253,160.14
1.2256,160.14
1.2258,160.14
1.2264,160.14
1.2267,160.14
1.2269,160.14
1.2275,160.14
1.2278,160.25
1.2281,160.25
1.2283,160.14
1.2289,160.25
1.2292,160.25
1.2294,160.25
1.2300,160.25
1.2303,160.25
1.2306,160.25
1.2308,160.25
1.2314,160.25
1.2317,160.25
1.2319,160.25
1.2325,160.36
1.2328,160.25
1.2331,160.25
1.2333,160.36
1.2339,160.25
1.2342,160.36
1.2344,160.25
1.2350,160.25
1.2353,160.25
1.2356,160.25
1.2358,160.25
1.2364,160.25
1.2367,160.25
1.2369,160.25
1.2375,160.25
1.2378,160.25
1.2381,160.36
1.2383,160.25
1.2389,160.25
1.2392,160.36
1.2394,160.25
1.2400,160.36
1.2403,160.25
1.2406,160.25
1.2408,160.36
1.2414,160.25
1.2417,160.25
1.2419,160.36
1.2425,160.36
1.2428,160.36
1.2431,160.36
1.2433,160.36
1.2439,160.36
1.2442,160.36
1.2444,160.36
1.2450,160.36
1.2453,160.36
1.2456,160.36
1.2458,160.36
1.2464,160.36
1.2467,160.36
1.2469,160.36
1.2475,160.36
1.2478,160.36
1.2481,160.36
1.2483,160.36
1.2489,160.36
1.2492,160.36
1.2494,160.36
1.2500,160.36
1.2503,160.36
1.2506,160.47
1.2508,160.47
1.2514,160.47
1.2517,160.47
1.2519,160.47
1.2525,160.47
1.2528,160.47
1.2531,160.47
1.2533,160.47
1.2539,160.59
1.2542,160.47
1.2544,160.47
1.2550,160.47
1.2553,160.59
1.2556,160.59
1.2558,160.59
1.2564,160.59
1.2567,160.59
1.2569,160.59
1.2575,160.59
1.2578,160.59
1.2581,160.59
1.2583,160.59
1.2589,160.70
1.2592,160.59
1.2594,160.70
1.2600,160.59
1.2603,160.59
1.2606,160.70
1.2608,160.70
1.2614,160.59
1.2617,160.70
1.2619,160.59
1.2625,160.70
1.2628,160.70
1.2631,160.70
1.2633,160.70
1.2639,160.70
1.2642,160.70
1.2644,160.70
1.2650,160.70
1.2653,160.70
1.2656,160.70
1.2658,160.70
1.2664,160.70
1.2667,160.70
1.2669,160.70
1.2675,160.81
1.2678,160.70
1.2681,160.70
1.2683,160.70
1.2689,160.70
1.2692,160.70
1.2694,160.81
1.2700,160.81
1.2703,160.81
1.2706,160.81
1.2708,160.81
1.2714,160.81
1.2717,160.81
1.2719,160.70
1.2725,160.81
1.2728,160.81
1.2731,160.81
1.2733,160.81
1.2739,160.81
1.2742,160.81
1.2744,160.81
1.2750,160.81
1.2753,160.81
1.2756,160.81
1.2758,160.93
1.2764,160.81
1.2767,160.81
1.2769,160.81
1.2775,160.81
1.2778,160.93
1.2781,160.93
1.2783,160.93
1.2789,160.93
1.2792,160.93
1.2794,160.81
1.2800,160.93
1.2803,160.93
1.2806,160.93
1.2808,160.93
1.2814,160.93
1.2817,160.93
1.2819,160.93
1.2825,160.93
1.2828,161.04
1.2831,160.93
1.2833,160.93
1.2839,160.93
1.2842,161.04
1.2844,161.04
1.2850,161.04
1.2853,161.04
1.2856,161.04
1.2858,160.93
1.2864,161.04
1.2867,161.04
1.2869,161.04
1.2875,160.93
1.2878,161.04
1.2881,161.04
1.2883,161.04
1.2889,161.04
1.2892,161.04
1.2894,161.04
1.2900,161.04
1.2903,161.04
1.2906,161.04
1.2908,161.04
1.2914,161.04
1.2917,161.04
1.2919,161.04
1.2922,161.04
1.2928,161.04
1.2931,161.04
1.2933,161.04
1.2939,161.04
1.2942,161.15
1.2944,161.04
1.2947,161.15
1.2953,161.04
1.2956,161.04
1.2958,161.04
1.2964,161.04
1.2967,161.15
1.2969,161.15
1.2972,161.04
1.2978,161.15
1.2981,161.15
1.2983,161.15
1.2989,161.15
1.2992,161.15
1.2994,161.15
1.2997,161.15
1.3003,161.15
1.3006,161.15
1.3008,161.15
1.3014,161.04
1.3017,161.15
1.3019,161.04
1.3022,161.04
1.3028,161.15
1.3031,161.04
1.3033,161.15
1.3039,161.15
1.3042,161.15
1.3044,161.15
1.3047,161.15
1.3053,161.15
1.3056,161.15
1.3058,161.15
1.3064,161.15
1.3067,161.15
1.3069,161.04
1.3072,161.04
1.3078,161.15
1.3081,161.15
1.3083,161.15
1.3089,161.15
1.3092,161.15
1.3094,161.15
1.3097,161.15
1.3103,161.15
1.3106,161.15
1.3108,161.15
1.3114,161.15
1.3117,161.15
1.3119,161.15
1.3122,161.15
1.3128,161.15
1.3131,161.15
1.3133,161.15
1.3139,161.15
1.3142,161.15
1.3144,161.15
1.3147,161.15
1.3153,161.15
1.3156,161.15
1.3158,161.26
1.3164,161.15
1.3167,161.15
1.3169,161.15
1.3172,161.15
1.3178,161.15
1.3181,161.15
1.3183,161.15
1.3189,161.15
1.3192,161.15
1.3194,161.15
1.3197,161.15
1.3203,161.15
1.3206,161.15
1.3208,161.15
1.3214,161.26
1.3217,161.26
1.3219,161.26
1.3222,161.26
1.3228,161.26
1.3231,161.26
1.3233,161.26
1.3239,161.26
1.3242,161.26
1.3244,161.38
1.3247,161.26
1.3253,161.38
1.3256,161.38
1.3258,161.38
1.3264,161.38
1.3267,161.38
1.3269,161.26
1.3272,161.38
1.3278,161.38
1.3281,161.38
1.3283,161.38
1.3289,161.38
1.3292,161.38
1.3294,161.38
1.3297,161.38
1.3303,161.38
1.3306,161.49
1.3308,161.38
1.3314,161.49
1.3317,161.49
1.3319,161.49
1.3322,161.49
1.3328,161.49
1.3331,161.49
1.3333,161.49
1.3339,161.49
1.3342,161.49
1.3344,161.49
1.3347,161.49
1.3353,161.49
1.3356,161.49
1.3358,161.49
1.3364,161.49
1.3367,161.49
1.3369,161.49
1.3372,161.49
1.3378,161.49
1.3381,161.49
1.3383,161.49
1.3389,161.49
1.3392,161.49
1.3394,161.49
1.3397,161.49
1.3403,161.49
1.3406,161.49
1.3408,161.49
1.3414,161.49
1.3417,161.49
1.3419,161.49
1.3422,161.49
1.3428,161.49
1.3431,161.49
1.3433,161.49
1.3439,161.49
1.3442,161.49
1.3444,161.49
1.3447,161.49
1.3453,161.49
1.3456,161.60
1.3458,161.49
1.3464,161.49
1.3467,161.49
1.3469,161.49
1.3472,161.49
1.3478,161.60
1.3481,161.60
1.3483,161.60
1.3489,161.60
1.3492,161.60
1.3494,161.49
1.3497,161.60
1.3503,161.60
1.3506,161.60
1.3508,161.49
1.3514,161.60
1.3517,161.49
1.3519,161.60
1.3522,161.60
1.3528,161.60
1.3531,161.60
1.3533,161.60
1.3539,161.60
1.3542,161.60
1.3544,161.60
1.3547,161.60
1.3553,161.60
1.3556,161.60
1.3558,161.60
1.3564,161.60
1.3567,161.60
1.3569,161.60
1.3572,161.60
1.3578,161.60
1.3581,161.60
1.3583,161.60
1.3589,161.60
1.3592,161.60
1.3594,161.60
1.3597,161.60
1.3603,161.60
1.3606,161.71
1.3608,161.71
1.3614,161.71
1.3617,161.71
1.3619,161.71
1.3622,161.71
1.3628,161.71
1.3631,161.71
1.3633,161.71
1.3639,161.71
1.3642,161.71
1.3644,161.71
1.3647,161.71
1.3653,161.71
1.3656,161.71
1.3658,161.71
1.3664,161.71
1.3667,161.71
1.3669,161.71
1.3672,161.71
1.3678,161.71
1.3681,161.71
1.3683,161.71
1.3689,161.71
1.3692,161.71
1.3694,161.71
1.3697,161.71
1.3703,161.71
1.3706,161.71
1.3708,161.71
1.3711,161.71
1.3717,161.71
1.3719,161.71
1.3722,161.71
1.3728,161.71
1.3731,161.71
1.3733,161.83
1.3736,161.83
1.3742,161.83
1.3744,161.83
1.3747,161.83
1.3753,161.83
1.3756,161.83
1.3758,161.83
1.3761,161.83
1.3767,161.83
1.3769,161.83
1.3772,161.83
1.3778,161.83
1.3781,161.83
1.3783,161.94
1.3786,161.83
1.3792,161.83
1.3794,161.94
1.3797,161.83
1.3803,161.94
1.3806,161.83
1.3808,161.94
1.3811,161.94
1.3817,161.94
1.3819,161.94
1.3822,161.83
1.3828,161.94
1.3831,161.94
1.3833,161.83
1.3836,161.94
1.3842,161.94
1.3844,161.94
1.3847,161.94
1.3853,161.83
1.3856,161.94
1.3858,161.94
1.3861,161.94
1.3867,161.94
1.3869,161.94
1.3872,161.94
1.3878,161.94
1.3881,161.94
1.3883,161.94
1.3886,161.94
1.3892,161.94
1.3894,161.94
1.3897,161.94
1.3903,161.94
1.3906,161.94
1.3908,162.05
1.3911,161.94
1.3917,162.05
1.3919,162.05
1.3922,162.05
1.3928,162.05
1.3931,162.05
1.3933,162.05
1.3936,162.05
1.3942,162.05
1.3944,162.16
1.3947,162.16
1.3953,162.05
1.3956,162.05
1.3958,162.05
1.3961,162.05
1.3967,162.05
1.3969,162.05
1.3972,162.05
1.3978,162.05
1.3981,162.05
1.3983,162.16
1.3986,162.16
1.3992,162.05
1.3994,162.16
1.3997,162.16
1.4003,162.16
1.4006,162.16
1.4008,162.05
1.4011,162.05
1.4017,162.05
1.4019,162.16
1.4022,162.16
1.4028,162.16
1.4031,162.05
1.4033,162.05
1.4036,162.05
1.4042,162.05
1.4044,162.05
1.4047,162.05
1.4053,162.05
1.4056,162.05
1.4058,162.05
1.4061,162.05
1.4067,162.05
1.4069,162.05
1.4072,162.05
1.4078,161.94
1.4081,162.05
1.4083,162.05
1.4086,162.05
1.4092,162.05
1.4094,162.05
1.4097,162.05
1.4103,162.05
1.4106,162.05
1.4108,162.05
1.4111,162.05
1.4117,162.05
1.4119,162.05
1.4122,162.05
1.4128,162.05
1.4131,162.05
1.4133,162.05
1.4136,162.05
1.4142,162.05
1.4144,162.16
1.4147,162.05
1.4153,162.05
1.4156,162.16
1.4158,162.16
1.4161,162.16
1.4167,162.16
1.4169,162.16
1.4172,162.16
1.4178,162.16
1.4181,162.27
1.4183,162.27
1.4186,162.27
1.4192,162.27
1.4194,162.27
1.4197,162.27
1.4203,162.27
1.4206,162.27
1.4208,162.16
1.4211,162.27
1.4217,162.27
1.4219,162.27
1.4222,162.27
1.4228,162.27
1.4231,162.27
1.4233,162.27
1.4236,162.27
1.4242,162.27
1.4244,162.27
1.4247,162.27
1.4253,162.27
1.4256,162.27
1.4258,162.27
1.4261,162.27
1.4267,162.27
1.4269,162.27
1.4272,162.27
1.4278,162.27
1.4281,162.27
1.4283,162.27
1.4286,162.27
1.4292,162.27
1.4294,162.27
1.4297,162.27
1.4303,162.27
1.4306,162.27
1.4308,162.27
1.4311,162.27
1.4317,162.27
1.4319,162.27
1.4322,162.39
1.4328,162.39
1.4331,162.27
1.4333,162.27
1.4336,162.39
1.4342,162.39
1.4344,162.39
1.4347,162.39
1.4353,162.39
1.4356,162.39
1.4358,162.39
1.4361,162.39
1.4367,162.39
1.4369,162.39
1.4372,162.50
1.4378,162.39
1.4381,162.39
1.4383,162.39
1.4386,162.39
1.4392,162.39
1.4394,162.39
1.4397,162.39
1.4403,162.39
1.4406,162.39
1.4408,162.50
1.4411,162.50
1.4417,162.50
1.4419,162.50
1.4422,162.50
1.4428,162.50
1.4431,162.50
1.4433,162.50
1.4436,162.50
1.4442,162.39
1.4444,162.50
1.4447,162.50
1.4453,162.50
1.4456,162.50
1.4458,162.50
1.4461,162.50
1.4467,162.50
1.4469,162.50
1.4472,162.50
1.4478,162.50
1.4481,162.50
1.4483,162.50
1.4486,162.50
1.4492,162.50
1.4494,162.50
1.4497,162.50
1.4503,162.50
1.4506,162.50
1.4508,162.50
1.4511,162.50
1.4517,162.50
1.4519,162.50
1.4522,162.50
1.4525,162.50
1.4531,162.50
1.4533,162.50
1.4536,162.50
1.4542,162.61
1.4544,162.50
1.4547,162.61
1.4550,162.61
1.4556,162.61
1.4558,162.61
1.4561,162.50
1.4567,162.50
1.4569,162.61
1.4572,162.61
1.4575,162.61
1.4581,162.61
1.4583,162.61
1.4586,162.61
1.4592,162.61
1.4594,162.61
1.4597,162.61
1.4600,162.61
1.4606,162.61
1.4608,162.61
1.4611,162.61
1.4617,162.61
1.4619,162.61
1.4622,162.61
1.4625,162.72
1.4631,162.72
1.4633,162.61
1.4636,162.72
1.4642,162.72
1.4644,162.72
1.4647,162.72
1.4650,162.72
1.4656,162.61
1.4658,162.72
1.4661,162.72
1.4667,162.72
1.4669,162.72
1.4672,162.72
1.4675,162.61
1.4681,162.72
1.4683,162.72
1.4686,162.72
1.4692,162.72
1.4694,162.72
1.4697,162.72
1.4700,162.72
1.4706,162.72
1.4708,162.72
1.4711,162.72
1.4717,162.72
1.4719,162.72
1.4722,162.72
1.4725,162.72
1.4731,162.72
1.4733,162.72
1.4736,162.84
1.4742,162.72
1.4744,162.84
1.4747,162.84
1.4750,162.84
1.4756,162.72
1.4758,162.72
1.4761,162.72
1.4767,162.72
1.4769,162.72
1.4772,162.72
1.4775,162.72
1.4781,162.84
1.4783,162.72
1.4786,162.72
1.4792,162.72
1.4794,162.72
1.4797,162.72
1.4800,162.84
1.4806,162.72
1.4808,162.84
1.4811,162.72
1.4817,162.72
1.4819,162.72
1.4822,162.72
1.4825,162.72
1.4831,162.72
1.4833,162.84
1.4836,162.72
1.4842,162.84
1.4844,162.84
1.4847,162.72
1.4850,162.84
1.4856,162.84
1.4858,162.84
1.4861,162.84
1.4867,162.84
1.4869,162.84
1.4872,162.84
1.4875,162.84
1.4881,162.84
1.4883,162.84
1.4886,162.84
1.4892,162.84
1.4894,162.84
1.4897,162.84
1.4900,162.84
1.4906,162.84
1.4908,162.84
1.4911,162.84
1.4917,162.84
1.4919,162.84
1.4922,162.84
1.4925,162.84
1.4931,162.84
1.4933,162.84
1.4936,162.84
1.4942,162.84
1.4944,162.95
1.4947,162.95
1.4950,162.95
1.4956,162.95
1.4958,162.95
1.4961,162.95
1.4967,162.95
1.4969,162.95
1.4972,162.95
1.4975,162.95
1.4981,162.95
1.4983,162.95
1.4986,162.95
1.4992,163.06
1.4994,163.06
1.4997,162.95
1.5000,162.95
1.5006,163.06
1.5008,163.06
1.5011,163.06
1.5017,163.06
1.5019,163.06
1.5022,163.06
1.5025,163.06
1.5031,163.06
1.5033,163.06
1.5036,163.06
1.5042,163.06
1.5044,163.06
1.5047,163.06
1.5050,163.06
1.5056,163.06
1.5058,163.06
1.5061,163.06
1.5067,163.06
1.5069,163.06
1.5072,163.06
1.5075,163.06
1.5081,163.06
1.5083,163.06
1.5086,163.06
1.5092,163.06
1.5094,163.06
1.5097,163.06
1.5100,163.06
1.5106,163.06
1.5108,163.06
1.5111,163.06
1.5117,163.06
1.5119,163.06
1.5122,163.06
1.5125,163.06
1.5131,163.06
1.5133,163.06
1.5136,163.06
1.5142,163.06
1.5144,163.06
1.5147,163.06
1.5150,163.06
1.5156,163.06
1.5158,163.06
1.5161,163.06
1.5167,163.06
1.5169,163.18
1.5172,163.06
1.5175,163.06
1.5181,163.18
1.5183,163.06
1.5186,163.06
1.5192,163.06
1.5194,163.06
1.5197,163.18
1.5200,163.18
1.5206,163.18
1.5208,163.18
1.5211,163.18
1.5217,163.18
1.5219,163.18
1.5222,163.18
1.5225,163.18
1.5231,163.18
1.5233,163.18
1.5236,163.18
1.5242,163.18
1.5244,163.18
1.5247,163.18
1.5250,163.18
1.5256,163.18
1.5258,163.18
1.5261,163.18
1.5267,163.18
1.5269,163.18
1.5272,163.29
1.5275,163.29
1.5281,163.29
1.5283,163.29
1.5286,163.29
1.5292,163.29
1.5294,163.29
1.5297,163.29
1.5300,163.29
1.5306,163.29
1.5308,163.29
1.5311,163.29
1.5317,163.29
1.5319,163.29
1.5322,163.29
1.5325,163.29
1.5331,163.29
1.5333,163.29
1.5336,163.29
1.5339,163.29
1.5344,163.29
1.5347,163.29
1.5350,163.29
1.5356,163.29
1.5358,163.40
1.5361,163.29
1.5364,163.29
1.5369,163.40
1.5372,163.29
1.5375,163.40
1.5381,163.40
1.5383,163.40
1.5386,163.40
1.5389,163.40
1.5394,163.40
1.5397,163.40
1.5400,163.40
1.5406,163.40
1.5408,163.40
1.5411,163.40
1.5414,163.40
1.5419,163.40
1.5422,163.40
1.5425,163.40
1.5431,163.40
1.5433,163.40
1.5436,163.40
1.5439,163.40
1.5444,163.40
1.5447,163.40
1.5450,163.40
1.5456,163.40
1.5458,163.40
1.5461,163.40
1.5464,163.40
1.5469,163.40
1.5472,163.40
1.5475,163.40
1.5481,163.51
1.5483,163.51
1.5486,163.51
1.5489,163.51
1.5494,163.51
1.5497,163.51
1.5500,163.51
1.5506,163.51
1.5508,163.51
1.5511,163.51
1.5514,163.51
1.5519,163.51
1.5522,163.51
1.5525,163.51
1.5531,163.51
1.5533,163.51
1.5536,163.51
1.5539,163.40
1.5544,163.51
1.5547,163.51
1.5550,163.51
1.5556,163.51
1.5558,163.51
1.5561,163.51
1.5564,163.51
1.5569,163.51
1.5572,163.51
1.5575,163.51
1.5581,163.51
1.5583,163.51
1.5586,163.51
1.5589,163.51
1.5594,163.51
1.5597,163.51
1.5600,163.51
1.5606,163.51
1.5608,163.51
1.5611,163.63
1.5614,163.51
1.5619,163.51
1.5622,163.51
1.5625,163.51
1.5631,163.63
1.5633,163.63
1.5636,163.63
1.5639,163.63
1.5644,163.63
1.5647,163.63
1.5650,163.63
1.5656,163.63
1.5658,163.63
1.5661,163.63
1.5664,163.63
1.5669,163.63
1.5672,163.51
1.5675,163.63
1.5681,163.63
1.5683,163.63
1.5686,163.63
1.5689,163.63
1.5694,163.63
1.5697,163.63
1.5700,163.63
1.5706,163.63
1.5708,163.63
1.5711,163.63
1.5714,163.63
1.5719,163.63
1.5722,163.74
1.5725,163.74
1.5731,163.74
1.5733,163.74
1.5736,163.74
1.5739,163.74
1.5744,163.74
1.5747,163.74
1.5750,163.74
1.5756,163.74
1.5758,163.74
1.5761,163.74
1.5764,163.74
1.5769,163.74
1.5772,163.74
1.5775,163.74
1.5781,163.74
1.5783,163.74
1.5786,163.74
1.5789,163.74
1.5794,163.74
1.5797,163.74
1.5800,163.74
1.5806,163.74
1.5808,163.74
1.5811,163.74
1.5814,163.74
1.5819,163.74
1.5822,163.74
1.5825,163.74
1.5831,163.74
1.5833,163.74
1.5836,163.74
1.5839,163.74
1.5844,163.74
1.5847,163.74
1.5850,163.74
1.5856,163.74
1.5858,163.74
1.5861,163.74
1.5864,163.74
1.5869,163.74
1.5872,163.74
1.5875,163.74
1.5881,163.74
1.5883,163.74
1.5886,163.74
1.5889,163.74
1.5894,163.74
1.5897,163.74
1.5900,163.85
1.5906,163.74
1.5908,163.85
1.5911,163.85
1.5914,163.85
1.5919,163.85
1.5922,163.85
1.5925,163.85
1.5931,163.85
1.5933,163.85
1.5936,163.85
1.5939,163.85
1.5944,163.85
1.5947,163.85
1.5950,163.85
1.5956,163.85
1.5958,163.85
1.5961,163.85
1.5964,163.85
1.5969,163.85
1.5972,163.85
1.5975,163.85
1.5981,163.85
1.5983,163.85
1.5986,163.85
1.5989,163.85
1.5994,163.96
1.5997,163.85
1.6000,163.85
1.6006,163.85
1.6008,163.96
1.6011,163.85
1.6014,163.96
1.6019,163.96
1.6022,163.85
1.6025,163.96
1.6031,163.85
1.6033,163.85
1.6036,163.85
1.6039,163.85
1.6044,163.85
1.6047,163.85
1.6050,163.85
1.6056,163.85
1.6058,163.85
1.6061,163.85
1.6064,163.85
1.6069,163.96
1.6072,163.96
1.6075,163.85
1.6081,163.96
1.6083,163.96
1.6086,163.96
1.6089,163.96
1.6094,163.85
1.6097,163.96
1.6100,163.96
1.6106,163.96
1.6108,163.96
1.6111,163.96
1.6114,163.96
1.6119,163.96
1.6122,163.96
1.6125,163.96
1.6128,163.96
1.6133,163.96
1.6136,163.96
1.6139,163.96
1.6144,163.96
1.6147,163.96
1.6150,164.08
1.6153,163.96
1.6158,164.08
1.6161,164.08
1.6164,164.08
1.6169,164.08
1.6172,164.08
1.6175,163.96
1.6178,164.08
1.6183,164.08
1.6186,163.96
1.6189,164.08
1.6194,163.96
1.6197,163.96
1.6200,164.08
1.6203,163.96
1.6208,163.96
1.6211,163.96
1.6214,163.96
1.6219,163.96
1.6222,163.96
1.6225,163.96
1.6228,163.96
1.6233,163.96
1.6236,164.08
1.6239,164.08
1.6244,164.08
1.6247,164.08
1.6250,164.08
1.6253,164.08
1.6258,164.08
1.6261,164.08
1.6264,164.08
1.6269,164.08
1.6272,164.08
1.6275,164.08
1.6278,164.08
1.6283,164.08
1.6286,164.08
1.6289,164.08
1.6294,164.08
1.6297,164.08
1.6300,164.08
1.6303,164.19
1.6308,164.08
1.6311,164.08
1.6314,164.19
1.6319,164.08
1.6322,164.08
1.6325,164.08
1.6328,164.08
1.6333,164.08
1.6336,164.08
1.6339,164.08
1.6344,164.08
1.6347,164.08
1.6350,164.08
1.6353,164.08
1.6358,164.08
1.6361,164.08
1.6364,164.08
1.6369,164.19
1.6372,164.08
1.6375,164.08
1.6378,164.08
1.6383,164.08
1.6386,164.19
1.6389,164.19
1.6394,164.19
1.6397,164.19
1.6400,164.19
1.6403,164.19
1.6408,164.19
1.6411,164.19
1.6414,164.19
1.6419,164.19
1.6422,164.19
1.6425,164.19
1.6428,164.19
1.6433,164.19
1.6436,164.30
1.6439,164.30
1.6444,164.30
1.6447,164.19
1.6450,164.19
1.6453,164.19
1.6458,164.30
1.6461,164.19
1.6464,164.30
1.6469,164.30
1.6472,164.30
1.6475,164.30
1.6478,164.30
1.6483,164.30
1.6486,164.30
1.6489,164.30
1.6494,164.30
1.6497,164.30
1.6500,164.30
1.6503,164.30
1.6508,164.30
1.6511,164.30
1.6514,164.30
1.6519,164.30
1.6522,164.30
1.6525,164.30
1.6528,164.30
1.6533,164.30
1.6536,164.30
1.6539,164.30
1.6544,164.30
1.6547,164.30
1.6550,164.30
1.6553,164.30
1.6558,164.41
1.6561,164.30
1.6564,164.30
1.6569,164.30
1.6572,164.30
1.6575,164.30
1.6578,164.30
1.6583,164.30
1.6586,164.41
1.6589,164.30
1.6594,164.41
1.6597,164.30
1.6600,164.30
1.6603,164.30
1.6608,164.30
1.6611,164.30
1.6614,164.30
1.6619,164.30
1.6622,164.30
1.6625,164.30
1.6628,164.30
1.6633,164.30
1.6636,164.41
1.6639,164.41
1.6644,164.30
1.6647,164.41
1.6650,164.30
1.6653,164.41
1.6658,164.41
1.6661,164.30
1.6664,164.30
1.6669,164.41
1.6672,164.30
1.6675,164.30
1.6678,164.41
1.6683,164.30
1.6686,164.30
1.6689,164.30
1.6694,164.41
1.6697,164.41
1.6700,164.41
1.6703,164.30
1.6708,164.41
1.6711,164.41
1.6714,164.41
1.6719,164.41
1.6722,164.30
1.6725,164.41
1.6728,164.41
1.6733,164.41
1.6736,164.41
1.6739,164.41
1.6744,164.41
1.6747,164.41
1.6750,164.41
1.6753,164.41
1.6758,164.41
1.6761,164.41
1.6764,164.41
1.6769,164.41
1.6772,164.41
1.6775,164.41
1.6778,164.41
1.6783,164.41
1.6786,164.41
1.6789,164.41
1.6794,164.41
1.6797,164.41
1.6800,164.41
1.6803,164.41
1.6808,164.41
1.6811,164.41
1.6814,164.41
1.6819,164.41
1.6822,164.41
1.6825,164.41
1.6828,164.41
1.6833,164.41
1.6836,164.41
1.6839,164.41
1.6844,164.41
1.6847,164.41
1.6850,164.41
1.6853,164.41
1.6858,164.41
1.6861,164.41
1.6864,164.41
1.6869,164.41
1.6872,164.41
1.6875,164.41
1.6878,164.41
1.6883,164.41
1.6886,164.41
1.6889,164.41
1.6894,164.41
1.6897,164.41
1.6900,164.41
1.6903,164.41
1.6908,164.41
1.6911,164.41
1.6914,164.41
1.6917,164.41
1.6922,164.30
1.6925,164.30
1.6928,164.41
1.6933,164.41
1.6936,164.30
1.6939,164.41
1.6942,164.30
1.6947,164.41
1.6950,164.41
1.6953,164.41
1.6958,164.30
1.6961,164.41
1.6964,164.30
1.6967,164.41
1.6972,164.30
1.6975,164.41
1.6978,164.30
1.6983,164.30
1.6986,164.30
1.6989,164.30
1.6992,164.30
1.6997,164.30
1.7000,164.30
1.7003,164.30
1.7008,164.30
1.7011,164.30
1.7014,164.30
1.7017,164.30
1.7022,164.30
1.7025,164.30
1.7028,164.30
1.7033,164.30
1.7036,164.30
1.7039,164.30
1.7042,164.30
1.7047,164.30
1.7050,164.30
1.7053,164.30
1.7058,164.19
1.7061,164.19
1.7064,164.30
1.7067,164.19
1.7072,164.19
1.7075,164.19
1.7078,164.19
1.7083,164.19
1.7086,164.19
1.7089,164.19
1.7092,164.19
1.7097,164.19
1.7100,164.08
1.7103,164.19
1.7108,164.19
1.7111,164.19
1.7114,164.08
1.7117,164.19
1.7122,164.08
1.7125,164.08
1.7128,164.19
1.7133,164.08
1.7136,164.19
1.7139,164.08
1.7142,164.08
1.7147,164.08
1.7150,164.08
1.7153,164.08
1.7158,164.08
1.7161,164.08
1.7164,164.08
1.7167,164.08
1.7172,164.08
1.7175,163.96
1.7178,163.96
1.7183,163.96
1.7186,163.96
1.7189,163.96
1.7192,163.96
1.7197,163.96
1.7200,163.96
1.7203,163.96
1.7208,163.96
1.7211,163.96
1.7214,163.96
1.7217,163.96
1.7222,163.96
1.7225,163.96
1.7228,163.96
1.7233,163.96
1.7236,163.85
1.7239,163.85
1.7242,163.85
1.7247,163.85
1.7250,163.85
1.7253,163.85
1.7258,163.74
1.7261,163.85
1.7264,163.74
1.7267,163.74
1.7272,163.74
1.7275,163.74
1.7278,163.74
1.7283,163.74
1.7286,163.74
1.7289,163.74
1.7292,163.74
1.7297,163.74
1.7300,163.74
1.7303,163.74
1.7308,163.74
1.7311,163.74
1.7314,163.74
1.7317,163.74
1.7322,163.63
1.7325,163.63
1.7328,163.63
1.7333,163.63
1.7336,163.63
1.7339,163.63
1.7342,163.63
1.7347,163.63
1.7350,163.51
1.7353,163.51
1.7358,163.51
1.7361,163.51
1.7364,163.51
1.7367,163.51
1.7372,163.51
1.7375,163.51
1.7378,163.40
1.7383,163.40
1.7386,163.40
1.7389,163.40
1.7392,163.40
1.7397,163.40
1.7400,163.40
1.7403,163.40
1.7408,163.29
1.7411,163.29
1.7414,163.29
1.7417,163.29
1.7422,163.29
1.7425,163.18
1.7428,163.18
1.7433,163.18
1.7436,163.18
1.7439,163.18
1.7442,163.29
1.7447,163.18
1.7450,163.18
1.7453,163.18
1.7458,163.18
1.7461,163.18
1.7464,163.18
1.7467,163.18
1.7472,163.18
1.7475,163.06
1.7478,163.18
1.7483,163.06
1.7486,163.18
1.7489,163.06
1.7492,163.06
1.7497,163.06
1.7500,163.06
1.7503,163.06
1.7508,163.06
1.7511,163.06
1.7514,163.06
1.7517,163.06
1.7522,162.95
1.7525,162.95
1.7528,163.06
1.7533,162.95
1.7536,162.95
1.7539,162.95
1.7542,162.95
1.7547,162.84
1.7550,162.84
1.7553,162.84
1.7558,162.84
1.7561,162.84
1.7564,162.84
1.7567,162.84
1.7572,162.84
1.7575,162.72
1.7578,162.72
1.7583,162.72
1.7586,162.72
1.7589,162.72
1.7592,162.72
1.7597,162.72
1.7600,162.72
1.7603,162.72
1.7608,162.72
1.7611,162.61
1.7614,162.61
1.7617,162.61
1.7622,162.61
1.7625,162.61
1.7628,162.61
1.7633,162.61
1.7636,162.61
1.7639,162.50
1.7642,162.50
1.7647,162.50
1.7650,162.50
1.7653,162.50
1.7658,162.50
1.7661,162.50
1.7664,162.50
1.7667,162.50
1.7672,162.50
1.7675,162.39
1.7678,162.39
1.7683,162.39
1.7686,162.39
1.7689,162.39
1.7692,162.39
1.7697,162.39
1.7700,162.27
1.7703,162.27
1.7708,162.27
1.7711,162.27
1.7714,162.27
1.7717,162.27
1.7722,162.27
1.7725,162.27
1.7728,162.16
1.7731,162.16
1.7736,162.16
1.7739,162.16
1.7742,162.16
1.7747,162.16
1.7750,162.16
1.7753,162.16
1.7756,162.05
1.7761,162.16
1.7764,162.05
1.7767,162.05
1.7772,162.05
1.7775,162.05
1.7778,162.05
1.7781,162.05
1.7786,162.05
1.7789,162.05
1.7792,162.05
1.7797,162.05
1.7800,161.94
1.7803,161.94
1.7806,161.94
1.7811,161.94
1.7814,161.94
1.7817,161.94
1.7822,161.83
1.7825,161.83
1.7828,161.83
1.7831,161.83
1.7836,161.83
1.7839,161.83
1.7842,161.83
1.7847,161.83
1.7850,161.83
1.7853,161.83
1.7856,161.83
1.7861,161.71
1.7864,161.71
1.7867,161.71
1.7872,161.71
1.7875,161.71
1.7878,161.71
1.7881,161.71
1.7886,161.60
1.7889,161.60
1.7892,161.60
1.7897,161.60
1.7900,161.60
1.7903,161.60
1.7906,161.49
1.7911,161.60
1.7914,161.49
1.7917,161.49
1.7922,161.49
1.7925,161.49
1.7928,161.49
1.7931,161.49
1.7936,161.49
1.7939,161.49
1.7942,161.38
1.7947,161.38
1.7950,161.38
1.7953,161.38
1.7956,161.38
1.7961,161.38
1.7964,161.26
1.7967,161.26
1.7972,161.38
1.7975,161.26
1.7978,161.26
1.7981,161.26
1.7986,161.26
1.7989,161.26
1.7992,161.26
1.7997,161.15
1.8000,161.26
1.8003,161.15
1.8006,161.15
1.8011,161.15
1.8014,161.15
1.8017,161.15
1.8022,161.15
1.8025,161.15
1.8028,161.04
1.8031,161.04
1.8036,161.15
1.8039,161.04
1.8042,161.04
1.8047,161.04
1.8050,161.04
1.8053,161.04
1.8056,161.04
1.8061,160.93
1.8064,160.93
1.8067,160.93
1.8072,160.93
1.8075,160.93
1.8078,160.93
1.8081,160.93
1.8086,160.93
1.8089,160.81
1.8092,160.81
1.8097,160.81
1.8100,160.81
1.8103,160.81
1.8106,160.81
1.8111,160.81
1.8114,160.70
1.8117,160.70
1.8122,160.70
1.8125,160.70
1.8128,160.70
1.8131,160.70
1.8136,160.59
1.8139,160.59
1.8142,160.59
1.8147,160.59
1.8150,160.59
1.8153,160.59
1.8156,160.59
1.8161,160.47
1.8164,160.47
1.8167,160.47
1.8172,160.47
1.8175,160.47
1.8178,160.47
1.8181,160.47
1.8186,160.47
1.8189,160.47
1.8192,160.47
1.8197,160.36
1.8200,160.36
1.8203,160.36
1.8206,160.36
1.8211,160.36
1.8214,160.25
1.8217,160.36
1.8222,160.25
1.8225,160.25
1.8228,160.25
1.8231,160.25
1.8236,160.25
1.8239,160.14
1.8242,160.14
1.8247,160.14
1.8250,160.14
1.8253,160.14
1.8256,160.14
1.8261,160.14
1.8264,160.14
1.8267,160.14
1.8272,160.02
1.8275,159.69
1.8278,156.76
1.8281,152.49
1.8286,148.10
1.8289,144.39
1.8292,141.13
1.8297,138.31
1.8300,135.95
1.8303,133.92
1.8306,132.01
1.8311,130.44
1.8314,128.98
1.8317,127.74
1.8322,126.72
1.8325,126.05
1.8328,125.37
1.8331,124.70
1.8336,124.02
1.8339,123.57
1.8342,123.01
1.8347,122.56
1.8350,122.11
1.8353,121.66
1.8356,121.32
1.8361,120.99
1.8364,120.65
1.8367,120.31
1.8372,119.86
1.8375,119.52
1.8378,119.19
1.8381,118.85
1.8386,118.51
1.8389,118.17
1.8392,117.84
1.8397,117.61
1.8400,117.27
1.8403,116.94
1.8406,116.71
1.8411,116.37
1.8414,116.04
1.8417,115.81
1.8422,115.59
1.8425,115.25
1.8428,115.02
1.8431,114.69
1.8436,114.46
1.8439,114.12
1.8442,113.90
1.8447,113.67
1.8450,113.45
1.8453,113.22
1.8456,112.89
1.8461,112.77
1.8464,112.44
1.8467,112.21
1.8472,112.10
1.8475,111.87
1.8478,111.65
1.8481,111.42
1.8486,111.31
1.8489,110.97
1.8492,110.86
1.8497,110.64
1.8500,110.41
1.8503,110.19
1.8506,109.96
1.8511,109.74
1.8514,109.51
1.8517,109.29
1.8522,109.17
1.8525,108.95
1.8528,108.72
1.8531,108.50
1.8536,108.39
1.8539,108.16
1.8542,107.94
1.8544,107.82
1.8550,107.60
1.8553,107.37
1.8556,107.26
1.8561,107.04
1.8564,106.81
1.8567,106.70
1.8569,106.47
1.8575,106.25
1.8578,106.14
1.8581,105.91
1.8586,105.80
1.8589,105.69
1.8592,105.46
1.8594,105.24
1.8600,105.12
1.8603,104.90
1.8606,104.79
1.8611,104.67
1.8614,104.45
1.8617,104.34
1.8619,104.11
1.8625,104.00
1.8628,103.77
1.8631,103.66
1.8636,103.55
1.8639,103.32
1.8642,103.21
1.8644,102.99
1.8650,102.87
1.8653,102.65
1.8656,102.54
1.8661,102.42
1.8664,102.20
1.8667,102.09
1.8669,101.97
1.8675,101.75
